{"/home/travis/build/npmtest/node-npmtest-eslint-plugin-babel/test.js":{"path":"/home/travis/build/npmtest/node-npmtest-eslint-plugin-babel/test.js","s":{"1":2,"2":2,"3":2,"4":2,"5":2,"6":2,"7":2,"8":1,"9":2,"10":2,"11":1,"12":1,"13":1,"14":1,"15":2,"16":2,"17":2,"18":2,"19":1,"20":1,"21":2,"22":2,"23":2,"24":1,"25":1,"26":1,"27":1,"28":1,"29":1,"30":1,"31":1,"32":1,"33":1,"34":1,"35":1,"36":1,"37":1,"38":1,"39":2,"40":2,"41":1,"42":2,"43":2,"44":1,"45":2,"46":2,"47":1,"48":2,"49":2,"50":1,"51":1,"52":1,"53":1,"54":1},"b":{"1":[2,1,1,1],"2":[1,1,1,1],"3":[1,1],"4":[1,1],"5":[1,1],"6":[1,1],"7":[1,1],"8":[1,1],"9":[1,1],"10":[1,1,1],"11":[1,1],"12":[1,1],"13":[1,1],"14":[1,1],"15":[1,1],"16":[1,1],"17":[1,1]},"f":{"1":2,"2":2,"3":2,"4":2,"5":2,"6":1,"7":1,"8":1,"9":2,"10":2,"11":2,"12":2,"13":1},"fnMap":{"1":{"name":"(anonymous_1)","line":12,"loc":{"start":{"line":12,"column":1},"end":{"line":12,"column":13}}},"2":{"name":"(anonymous_2)","line":19,"loc":{"start":{"line":19,"column":5},"end":{"line":19,"column":17}}},"3":{"name":"(anonymous_3)","line":23,"loc":{"start":{"line":23,"column":24},"end":{"line":23,"column":36}}},"4":{"name":"(anonymous_4)","line":61,"loc":{"start":{"line":61,"column":5},"end":{"line":61,"column":17}}},"5":{"name":"(anonymous_5)","line":82,"loc":{"start":{"line":82,"column":5},"end":{"line":82,"column":17}}},"6":{"name":"(anonymous_6)","line":91,"loc":{"start":{"line":91,"column":77},"end":{"line":94,"column":10}}},"7":{"name":"(anonymous_7)","line":112,"loc":{"start":{"line":112,"column":83},"end":{"line":115,"column":10}},"skip":true},"8":{"name":"(anonymous_8)","line":123,"loc":{"start":{"line":123,"column":77},"end":{"line":126,"column":10}},"skip":true},"9":{"name":"(anonymous_9)","line":139,"loc":{"start":{"line":139,"column":12},"end":{"line":139,"column":40}},"skip":true},"10":{"name":"(anonymous_10)","line":147,"loc":{"start":{"line":147,"column":77},"end":{"line":150,"column":10}},"skip":true},"11":{"name":"(anonymous_11)","line":158,"loc":{"start":{"line":158,"column":83},"end":{"line":161,"column":10}},"skip":true},"12":{"name":"(anonymous_12)","line":169,"loc":{"start":{"line":169,"column":79},"end":{"line":172,"column":10}},"skip":true},"13":{"name":"(anonymous_13)","line":180,"loc":{"start":{"line":180,"column":75},"end":{"line":183,"column":10}},"skip":true}},"statementMap":{"1":{"start":{"line":12,"column":0},"end":{"line":195,"column":5}},"2":{"start":{"line":14,"column":4},"end":{"line":14,"column":14}},"3":{"start":{"line":19,"column":4},"end":{"line":56,"column":9}},"4":{"start":{"line":21,"column":8},"end":{"line":21,"column":19}},"5":{"start":{"line":23,"column":8},"end":{"line":35,"column":13}},"6":{"start":{"line":24,"column":12},"end":{"line":34,"column":13}},"7":{"start":{"line":25,"column":16},"end":{"line":28,"column":30}},"8":{"start":{"line":30,"column":16},"end":{"line":33,"column":27}},"9":{"start":{"line":37,"column":8},"end":{"line":39,"column":21}},"10":{"start":{"line":40,"column":8},"end":{"line":53,"column":9}},"11":{"start":{"line":43,"column":12},"end":{"line":46,"column":14}},"12":{"start":{"line":47,"column":12},"end":{"line":47,"column":18}},"13":{"start":{"line":50,"column":12},"end":{"line":51,"column":33}},"14":{"start":{"line":52,"column":12},"end":{"line":52,"column":18}},"15":{"start":{"line":55,"column":8},"end":{"line":55,"column":35}},"16":{"start":{"line":61,"column":4},"end":{"line":63,"column":9}},"17":{"start":{"line":62,"column":8},"end":{"line":62,"column":15}},"18":{"start":{"line":64,"column":4},"end":{"line":77,"column":5}},"19":{"start":{"line":70,"column":8},"end":{"line":70,"column":14}},"20":{"start":{"line":76,"column":8},"end":{"line":76,"column":14}},"21":{"start":{"line":82,"column":4},"end":{"line":84,"column":9}},"22":{"start":{"line":83,"column":8},"end":{"line":83,"column":15}},"23":{"start":{"line":85,"column":4},"end":{"line":194,"column":5}},"24":{"start":{"line":91,"column":8},"end":{"line":99,"column":10}},"25":{"start":{"line":98,"column":12},"end":{"line":98,"column":35}},"26":{"start":{"line":102,"column":8},"end":{"line":104,"column":63}},"27":{"start":{"line":105,"column":8},"end":{"line":105,"column":14}},"28":{"start":{"line":112,"column":8},"end":{"line":121,"column":10},"skip":true},"29":{"start":{"line":119,"column":12},"end":{"line":119,"column":55},"skip":true},"30":{"start":{"line":120,"column":12},"end":{"line":120,"column":48},"skip":true},"31":{"start":{"line":123,"column":8},"end":{"line":136,"column":10},"skip":true},"32":{"start":{"line":130,"column":12},"end":{"line":130,"column":76},"skip":true},"33":{"start":{"line":131,"column":12},"end":{"line":131,"column":73},"skip":true},"34":{"start":{"line":132,"column":12},"end":{"line":132,"column":74},"skip":true},"35":{"start":{"line":133,"column":12},"end":{"line":133,"column":79},"skip":true},"36":{"start":{"line":134,"column":12},"end":{"line":134,"column":25},"skip":true},"37":{"start":{"line":135,"column":12},"end":{"line":135,"column":45},"skip":true},"38":{"start":{"line":138,"column":8},"end":{"line":145,"column":14},"skip":true},"39":{"start":{"line":143,"column":16},"end":{"line":143,"column":29},"skip":true},"40":{"start":{"line":144,"column":16},"end":{"line":144,"column":55},"skip":true},"41":{"start":{"line":147,"column":8},"end":{"line":156,"column":10},"skip":true},"42":{"start":{"line":154,"column":12},"end":{"line":154,"column":25},"skip":true},"43":{"start":{"line":155,"column":12},"end":{"line":155,"column":45},"skip":true},"44":{"start":{"line":158,"column":8},"end":{"line":167,"column":10},"skip":true},"45":{"start":{"line":165,"column":12},"end":{"line":165,"column":25},"skip":true},"46":{"start":{"line":166,"column":12},"end":{"line":166,"column":48},"skip":true},"47":{"start":{"line":169,"column":8},"end":{"line":178,"column":10},"skip":true},"48":{"start":{"line":176,"column":12},"end":{"line":176,"column":25},"skip":true},"49":{"start":{"line":177,"column":12},"end":{"line":177,"column":46},"skip":true},"50":{"start":{"line":180,"column":8},"end":{"line":189,"column":10},"skip":true},"51":{"start":{"line":187,"column":12},"end":{"line":187,"column":94},"skip":true},"52":{"start":{"line":188,"column":12},"end":{"line":188,"column":48},"skip":true},"53":{"start":{"line":192,"column":8},"end":{"line":192,"column":35},"skip":true},"54":{"start":{"line":193,"column":8},"end":{"line":193,"column":14},"skip":true}},"branchMap":{"1":{"line":25,"type":"binary-expr","locations":[{"start":{"line":25,"column":23},"end":{"line":25,"column":62}},{"start":{"line":26,"column":20},"end":{"line":26,"column":70}},{"start":{"line":27,"column":20},"end":{"line":27,"column":71}},{"start":{"line":28,"column":20},"end":{"line":28,"column":29}}]},"2":{"line":30,"type":"binary-expr","locations":[{"start":{"line":30,"column":23},"end":{"line":30,"column":37}},{"start":{"line":31,"column":20},"end":{"line":31,"column":61}},{"start":{"line":32,"column":20},"end":{"line":32,"column":70}},{"start":{"line":33,"column":20},"end":{"line":33,"column":26}}]},"3":{"line":37,"type":"cond-expr","locations":[{"start":{"line":38,"column":14},"end":{"line":38,"column":20}},{"start":{"line":39,"column":14},"end":{"line":39,"column":20}}]},"4":{"line":40,"type":"switch","locations":[{"start":{"line":42,"column":8},"end":{"line":47,"column":18}},{"start":{"line":49,"column":8},"end":{"line":52,"column":18}}]},"5":{"line":44,"type":"binary-expr","locations":[{"start":{"line":44,"column":16},"end":{"line":44,"column":44}},{"start":{"line":44,"column":48},"end":{"line":44,"column":66}}]},"6":{"line":50,"type":"binary-expr","locations":[{"start":{"line":50,"column":21},"end":{"line":50,"column":49}},{"start":{"line":50,"column":53},"end":{"line":50,"column":72}}]},"7":{"line":64,"type":"switch","locations":[{"start":{"line":69,"column":4},"end":{"line":70,"column":14}},{"start":{"line":75,"column":4},"end":{"line":76,"column":14}}]},"8":{"line":85,"type":"switch","locations":[{"start":{"line":90,"column":4},"end":{"line":105,"column":14}},{"start":{"line":111,"column":4},"end":{"line":193,"column":14},"skip":true}]},"9":{"line":91,"type":"binary-expr","locations":[{"start":{"line":91,"column":42},"end":{"line":91,"column":73}},{"start":{"line":91,"column":77},"end":{"line":99,"column":9}}]},"10":{"line":102,"type":"binary-expr","locations":[{"start":{"line":102,"column":18},"end":{"line":102,"column":32}},{"start":{"line":103,"column":12},"end":{"line":103,"column":53}},{"start":{"line":104,"column":12},"end":{"line":104,"column":61}}]},"11":{"line":112,"type":"binary-expr","locations":[{"start":{"line":112,"column":45},"end":{"line":112,"column":79},"skip":true},{"start":{"line":112,"column":83},"end":{"line":121,"column":9},"skip":true}]},"12":{"line":123,"type":"binary-expr","locations":[{"start":{"line":123,"column":42},"end":{"line":123,"column":73},"skip":true},{"start":{"line":123,"column":77},"end":{"line":136,"column":9},"skip":true}]},"13":{"line":138,"type":"binary-expr","locations":[{"start":{"line":138,"column":48},"end":{"line":138,"column":85},"skip":true},{"start":{"line":139,"column":12},"end":{"line":145,"column":13},"skip":true}]},"14":{"line":147,"type":"binary-expr","locations":[{"start":{"line":147,"column":42},"end":{"line":147,"column":73},"skip":true},{"start":{"line":147,"column":77},"end":{"line":156,"column":9},"skip":true}]},"15":{"line":158,"type":"binary-expr","locations":[{"start":{"line":158,"column":45},"end":{"line":158,"column":79},"skip":true},{"start":{"line":158,"column":83},"end":{"line":167,"column":9},"skip":true}]},"16":{"line":169,"type":"binary-expr","locations":[{"start":{"line":169,"column":43},"end":{"line":169,"column":75},"skip":true},{"start":{"line":169,"column":79},"end":{"line":178,"column":9},"skip":true}]},"17":{"line":180,"type":"binary-expr","locations":[{"start":{"line":180,"column":41},"end":{"line":180,"column":71},"skip":true},{"start":{"line":180,"column":75},"end":{"line":189,"column":9},"skip":true}]}},"code":["/* istanbul instrument in package npmtest_eslint_plugin_babel */","/*jslint","    bitwise: true,","    browser: true,","    maxerr: 8,","    maxlen: 96,","    node: true,","    nomen: true,","    regexp: true,","    stupid: true","*/","(function () {","    'use strict';","    var local;","","","","    // run shared js-env code - pre-init","    (function () {","        // init local","        local = {};","        // init modeJs","        local.modeJs = (function () {","            try {","                return typeof navigator.userAgent === 'string' &&","                    typeof document.querySelector('body') === 'object' &&","                    typeof XMLHttpRequest.prototype.open === 'function' &&","                    'browser';","            } catch (errorCaughtBrowser) {","                return module.exports &&","                    typeof process.versions.node === 'string' &&","                    typeof require('http').createServer === 'function' &&","                    'node';","            }","        }());","        // init global","        local.global = local.modeJs === 'browser'","            ? window","            : global;","        switch (local.modeJs) {","        // re-init local from window.local","        case 'browser':","            local = local.global.utility2.objectSetDefault(","                local.global.utility2_rollup || local.global.local,","                local.global.utility2","            );","            break;","        // re-init local from example.js","        case 'node':","            local = (local.global.utility2_rollup || require('utility2'))","                .requireReadme();","            break;","        }","        // export local","        local.global.local = local;","    }());","","","","    // run shared js-env code - function","    (function () {","        return;","    }());","    switch (local.modeJs) {","","","","    // run browser js-env code - function","    case 'browser':","        break;","","","","    // run node js-env code - function","    case 'node':","        break;","    }","","","","    // run shared js-env code - post-init","    (function () {","        return;","    }());","    switch (local.modeJs) {","","","","    // run browser js-env code - post-init","    case 'browser':","        local.testCase_browser_nullCase = local.testCase_browser_nullCase || function (","            options,","            onError","        ) {","        /*","         * this function will test browsers's null-case handling-behavior-behavior","         */","            onError(null, options);","        };","","        // run tests","        local.nop(local.modeTest &&","            document.querySelector('#testRunButton1') &&","            document.querySelector('#testRunButton1').click());","        break;","","","","    // run node js-env code - post-init","    /* istanbul ignore next */","    case 'node':","        local.testCase_buildApidoc_default = local.testCase_buildApidoc_default || function (","            options,","            onError","        ) {","        /*","         * this function will test buildApidoc's default handling-behavior-behavior","         */","            options = { modulePathList: module.paths };","            local.buildApidoc(options, onError);","        };","","        local.testCase_buildApp_default = local.testCase_buildApp_default || function (","            options,","            onError","        ) {","        /*","         * this function will test buildApp's default handling-behavior-behavior","         */","            local.testCase_buildReadme_default(options, local.onErrorThrow);","            local.testCase_buildLib_default(options, local.onErrorThrow);","            local.testCase_buildTest_default(options, local.onErrorThrow);","            local.testCase_buildCustomOrg_default(options, local.onErrorThrow);","            options = [];","            local.buildApp(options, onError);","        };","","        local.testCase_buildCustomOrg_default = local.testCase_buildCustomOrg_default ||","            function (options, onError) {","            /*","             * this function will test buildCustomOrg's default handling-behavior","             */","                options = {};","                local.buildCustomOrg(options, onError);","            };","","        local.testCase_buildLib_default = local.testCase_buildLib_default || function (","            options,","            onError","        ) {","        /*","         * this function will test buildLib's default handling-behavior","         */","            options = {};","            local.buildLib(options, onError);","        };","","        local.testCase_buildReadme_default = local.testCase_buildReadme_default || function (","            options,","            onError","        ) {","        /*","         * this function will test buildReadme's default handling-behavior-behavior","         */","            options = {};","            local.buildReadme(options, onError);","        };","","        local.testCase_buildTest_default = local.testCase_buildTest_default || function (","            options,","            onError","        ) {","        /*","         * this function will test buildTest's default handling-behavior","         */","            options = {};","            local.buildTest(options, onError);","        };","","        local.testCase_webpage_default = local.testCase_webpage_default || function (","            options,","            onError","        ) {","        /*","         * this function will test webpage's default handling-behavior","         */","            options = { modeCoverageMerge: true, url: local.serverLocalHost + '?modeTest=1' };","            local.browserTest(options, onError);","        };","","        // run test-server","        local.testRunServer(local);","        break;","    }","}());",""],"l":{"12":2,"14":2,"19":2,"21":2,"23":2,"24":2,"25":2,"30":1,"37":2,"40":2,"43":1,"47":1,"50":1,"52":1,"55":2,"61":2,"62":2,"64":2,"70":1,"76":1,"82":2,"83":2,"85":2,"91":1,"98":1,"102":1,"105":1,"112":1,"119":1,"120":1,"123":1,"130":1,"131":1,"132":1,"133":1,"134":1,"135":1,"138":1,"143":2,"144":2,"147":1,"154":2,"155":2,"158":1,"165":2,"166":2,"169":1,"176":2,"177":2,"180":1,"187":1,"188":1,"192":1,"193":1}},"/home/travis/build/npmtest/node-npmtest-eslint-plugin-babel/lib.npmtest_eslint_plugin_babel.js":{"path":"/home/travis/build/npmtest/node-npmtest-eslint-plugin-babel/lib.npmtest_eslint_plugin_babel.js","s":{"1":2,"2":2,"3":2,"4":2,"5":2,"6":2,"7":2,"8":1,"9":2,"10":2,"11":2,"12":2,"13":1,"14":1,"15":1,"16":1},"b":{"1":[2,1,1,1],"2":[1,1,1,1],"3":[1,1],"4":[2,2],"5":[1,1]},"f":{"1":2,"2":2,"3":2},"fnMap":{"1":{"name":"(anonymous_1)","line":12,"loc":{"start":{"line":12,"column":1},"end":{"line":12,"column":13}}},"2":{"name":"(anonymous_2)","line":19,"loc":{"start":{"line":19,"column":5},"end":{"line":19,"column":17}}},"3":{"name":"(anonymous_3)","line":23,"loc":{"start":{"line":23,"column":24},"end":{"line":23,"column":36}}}},"statementMap":{"1":{"start":{"line":12,"column":0},"end":{"line":53,"column":5}},"2":{"start":{"line":14,"column":4},"end":{"line":14,"column":14}},"3":{"start":{"line":19,"column":4},"end":{"line":52,"column":9}},"4":{"start":{"line":21,"column":8},"end":{"line":21,"column":19}},"5":{"start":{"line":23,"column":8},"end":{"line":35,"column":13}},"6":{"start":{"line":24,"column":12},"end":{"line":34,"column":13}},"7":{"start":{"line":25,"column":16},"end":{"line":28,"column":30}},"8":{"start":{"line":30,"column":16},"end":{"line":33,"column":27}},"9":{"start":{"line":37,"column":8},"end":{"line":39,"column":21}},"10":{"start":{"line":41,"column":8},"end":{"line":41,"column":54}},"11":{"start":{"line":43,"column":8},"end":{"line":43,"column":64}},"12":{"start":{"line":45,"column":8},"end":{"line":51,"column":9}},"13":{"start":{"line":46,"column":12},"end":{"line":46,"column":70}},"14":{"start":{"line":48,"column":12},"end":{"line":48,"column":35}},"15":{"start":{"line":49,"column":12},"end":{"line":49,"column":49}},"16":{"start":{"line":50,"column":12},"end":{"line":50,"column":43}}},"branchMap":{"1":{"line":25,"type":"binary-expr","locations":[{"start":{"line":25,"column":23},"end":{"line":25,"column":62}},{"start":{"line":26,"column":20},"end":{"line":26,"column":70}},{"start":{"line":27,"column":20},"end":{"line":27,"column":71}},{"start":{"line":28,"column":20},"end":{"line":28,"column":29}}]},"2":{"line":30,"type":"binary-expr","locations":[{"start":{"line":30,"column":23},"end":{"line":30,"column":37}},{"start":{"line":31,"column":20},"end":{"line":31,"column":61}},{"start":{"line":32,"column":20},"end":{"line":32,"column":70}},{"start":{"line":33,"column":20},"end":{"line":33,"column":26}}]},"3":{"line":37,"type":"cond-expr","locations":[{"start":{"line":38,"column":14},"end":{"line":38,"column":20}},{"start":{"line":39,"column":14},"end":{"line":39,"column":20}}]},"4":{"line":41,"type":"binary-expr","locations":[{"start":{"line":41,"column":16},"end":{"line":41,"column":44}},{"start":{"line":41,"column":48},"end":{"line":41,"column":53}}]},"5":{"line":45,"type":"if","locations":[{"start":{"line":45,"column":8},"end":{"line":45,"column":8}},{"start":{"line":45,"column":8},"end":{"line":45,"column":8}}]}},"code":["/* istanbul instrument in package npmtest_eslint_plugin_babel */","/*jslint","    bitwise: true,","    browser: true,","    maxerr: 8,","    maxlen: 96,","    node: true,","    nomen: true,","    regexp: true,","    stupid: true","*/","(function () {","    'use strict';","    var local;","","","","    // run shared js-env code - pre-init","    (function () {","        // init local","        local = {};","        // init modeJs","        local.modeJs = (function () {","            try {","                return typeof navigator.userAgent === 'string' &&","                    typeof document.querySelector('body') === 'object' &&","                    typeof XMLHttpRequest.prototype.open === 'function' &&","                    'browser';","            } catch (errorCaughtBrowser) {","                return module.exports &&","                    typeof process.versions.node === 'string' &&","                    typeof require('http').createServer === 'function' &&","                    'node';","            }","        }());","        // init global","        local.global = local.modeJs === 'browser'","            ? window","            : global;","        // init utility2_rollup","        local = local.global.utility2_rollup || local;","        // init lib","        local.local = local.npmtest_eslint_plugin_babel = local;","        // init exports","        if (local.modeJs === 'browser') {","            local.global.utility2_npmtest_eslint_plugin_babel = local;","        } else {","            module.exports = local;","            module.exports.__dirname = __dirname;","            module.exports.module = module;","        }","    }());","}());",""],"l":{"12":2,"14":2,"19":2,"21":2,"23":2,"24":2,"25":2,"30":1,"37":2,"41":2,"43":2,"45":2,"46":1,"48":1,"49":1,"50":1}},"/home/travis/build/npmtest/node-npmtest-eslint-plugin-babel/example.js":{"path":"/home/travis/build/npmtest/node-npmtest-eslint-plugin-babel/example.js","s":{"1":2,"2":2,"3":2,"4":2,"5":2,"6":2,"7":2,"8":1,"9":2,"10":2,"11":2,"12":2,"13":1,"14":2,"15":2,"16":2,"17":2,"18":2,"19":0,"20":2,"21":1,"22":1,"23":1,"24":1,"25":1,"26":0,"27":0,"28":1,"29":1,"30":2,"31":0,"32":0,"33":0,"34":1,"35":2,"36":2,"37":3,"38":3,"39":3,"40":3,"41":0,"42":3,"43":3,"44":3,"45":1,"46":3,"47":1,"48":1,"49":1,"50":1,"51":1,"52":1,"53":1,"54":1,"55":1,"56":1,"57":0,"58":1,"59":6,"60":6,"61":1,"62":2,"63":0,"64":2,"65":1,"66":1,"67":0,"68":0,"69":0,"70":0,"71":0,"72":0,"73":0,"74":0,"75":0,"76":0,"77":0,"78":0,"79":0,"80":0,"81":0,"82":0,"83":0},"b":{"1":[2,1,1,1],"2":[1,1,1,1],"3":[1,1],"4":[2,2],"5":[1,1],"6":[1,1],"7":[2,0],"8":[2,1,1,1,1,1],"9":[0,2,0],"10":[1,1],"11":[2,1,1],"12":[1,0],"13":[0,2],"14":[2,0,0,0,0,0,0],"15":[0,3],"16":[3,0],"17":[1,1],"18":[0,1],"19":[1,2,0,2],"20":[1,0],"21":[1,1],"22":[0,0],"23":[0,0],"24":[0,0],"25":[0,0],"26":[0,0],"27":[0,0],"28":[0,0]},"f":{"1":2,"2":2,"3":2,"4":2,"5":2,"6":2,"7":3,"8":3,"9":3,"10":1,"11":6,"12":0},"fnMap":{"1":{"name":"(anonymous_1)","line":26,"loc":{"start":{"line":26,"column":1},"end":{"line":26,"column":13}}},"2":{"name":"(anonymous_2)","line":33,"loc":{"start":{"line":33,"column":5},"end":{"line":33,"column":17}}},"3":{"name":"(anonymous_3)","line":37,"loc":{"start":{"line":37,"column":24},"end":{"line":37,"column":36}}},"4":{"name":"(anonymous_4)","line":69,"loc":{"start":{"line":69,"column":31},"end":{"line":69,"column":48}},"skip":true},"5":{"name":"(anonymous_5)","line":78,"loc":{"start":{"line":78,"column":26},"end":{"line":78,"column":45}},"skip":true},"6":{"name":"(anonymous_6)","line":123,"loc":{"start":{"line":123,"column":33},"end":{"line":123,"column":48}},"skip":true},"7":{"name":"(anonymous_7)","line":125,"loc":{"start":{"line":125,"column":27},"end":{"line":125,"column":39}},"skip":true},"8":{"name":"(anonymous_8)","line":133,"loc":{"start":{"line":133,"column":59},"end":{"line":133,"column":74}},"skip":true},"9":{"name":"(anonymous_9)","line":143,"loc":{"start":{"line":143,"column":45},"end":{"line":143,"column":62}},"skip":true},"10":{"name":"(anonymous_10)","line":144,"loc":{"start":{"line":144,"column":73},"end":{"line":144,"column":92}},"skip":true},"11":{"name":"(anonymous_11)","line":272,"loc":{"start":{"line":272,"column":51},"end":{"line":272,"column":77}},"skip":true},"12":{"name":"(anonymous_12)","line":315,"loc":{"start":{"line":315,"column":32},"end":{"line":315,"column":61}},"skip":true}},"statementMap":{"1":{"start":{"line":26,"column":0},"end":{"line":326,"column":5}},"2":{"start":{"line":28,"column":4},"end":{"line":28,"column":14}},"3":{"start":{"line":33,"column":4},"end":{"line":60,"column":9}},"4":{"start":{"line":35,"column":8},"end":{"line":35,"column":19}},"5":{"start":{"line":37,"column":8},"end":{"line":49,"column":13}},"6":{"start":{"line":38,"column":12},"end":{"line":48,"column":13}},"7":{"start":{"line":39,"column":16},"end":{"line":42,"column":30}},"8":{"start":{"line":44,"column":16},"end":{"line":47,"column":27}},"9":{"start":{"line":51,"column":8},"end":{"line":53,"column":21}},"10":{"start":{"line":55,"column":8},"end":{"line":57,"column":45}},"11":{"start":{"line":59,"column":8},"end":{"line":59,"column":35}},"12":{"start":{"line":61,"column":4},"end":{"line":325,"column":5}},"13":{"start":{"line":69,"column":8},"end":{"line":121,"column":10},"skip":true},"14":{"start":{"line":70,"column":12},"end":{"line":88,"column":13},"skip":true},"15":{"start":{"line":76,"column":16},"end":{"line":87,"column":19},"skip":true},"16":{"start":{"line":79,"column":20},"end":{"line":86,"column":21},"skip":true},"17":{"start":{"line":82,"column":24},"end":{"line":82,"column":43},"skip":true},"18":{"start":{"line":83,"column":24},"end":{"line":83,"column":30},"skip":true},"19":{"start":{"line":85,"column":24},"end":{"line":85,"column":49},"skip":true},"20":{"start":{"line":89,"column":12},"end":{"line":107,"column":13},"skip":true},"21":{"start":{"line":92,"column":16},"end":{"line":102,"column":17},"skip":true},"22":{"start":{"line":93,"column":20},"end":{"line":93,"column":86},"skip":true},"23":{"start":{"line":94,"column":20},"end":{"line":95,"column":45},"skip":true},"24":{"start":{"line":96,"column":20},"end":{"line":96,"column":42},"skip":true},"25":{"start":{"line":97,"column":20},"end":{"line":97,"column":48},"skip":true},"26":{"start":{"line":100,"column":20},"end":{"line":100,"column":85},"skip":true},"27":{"start":{"line":101,"column":20},"end":{"line":101,"column":96},"skip":true},"28":{"start":{"line":103,"column":16},"end":{"line":103,"column":22},"skip":true},"29":{"start":{"line":106,"column":16},"end":{"line":106,"column":22},"skip":true},"30":{"start":{"line":108,"column":12},"end":{"line":120,"column":13},"skip":true},"31":{"start":{"line":114,"column":16},"end":{"line":119,"column":17},"skip":true},"32":{"start":{"line":116,"column":20},"end":{"line":116,"column":78},"skip":true},"33":{"start":{"line":118,"column":20},"end":{"line":118,"column":47},"skip":true},"34":{"start":{"line":123,"column":8},"end":{"line":141,"column":11},"skip":true},"35":{"start":{"line":124,"column":12},"end":{"line":124,"column":54},"skip":true},"36":{"start":{"line":125,"column":12},"end":{"line":140,"column":14},"skip":true},"37":{"start":{"line":126,"column":16},"end":{"line":126,"column":28},"skip":true},"38":{"start":{"line":127,"column":16},"end":{"line":127,"column":69},"skip":true},"39":{"start":{"line":128,"column":16},"end":{"line":128,"column":75},"skip":true},"40":{"start":{"line":129,"column":16},"end":{"line":131,"column":17},"skip":true},"41":{"start":{"line":130,"column":20},"end":{"line":130,"column":27},"skip":true},"42":{"start":{"line":133,"column":16},"end":{"line":137,"column":36},"skip":true},"43":{"start":{"line":134,"column":20},"end":{"line":136,"column":55},"skip":true},"44":{"start":{"line":139,"column":16},"end":{"line":139,"column":57},"skip":true},"45":{"start":{"line":143,"column":8},"end":{"line":147,"column":11},"skip":true},"46":{"start":{"line":144,"column":12},"end":{"line":146,"column":15},"skip":true},"47":{"start":{"line":145,"column":16},"end":{"line":145,"column":70},"skip":true},"48":{"start":{"line":149,"column":8},"end":{"line":149,"column":31},"skip":true},"49":{"start":{"line":150,"column":8},"end":{"line":150,"column":14},"skip":true},"50":{"start":{"line":158,"column":8},"end":{"line":158,"column":31},"skip":true},"51":{"start":{"line":160,"column":8},"end":{"line":160,"column":33},"skip":true},"52":{"start":{"line":161,"column":8},"end":{"line":161,"column":37},"skip":true},"53":{"start":{"line":162,"column":8},"end":{"line":162,"column":35},"skip":true},"54":{"start":{"line":164,"column":8},"end":{"line":164,"column":50},"skip":true},"55":{"start":{"line":166,"column":8},"end":{"line":256,"column":2},"skip":true},"56":{"start":{"line":258,"column":8},"end":{"line":286,"column":9},"skip":true},"57":{"start":{"line":259,"column":12},"end":{"line":269,"column":14},"skip":true},"58":{"start":{"line":271,"column":12},"end":{"line":285,"column":19},"skip":true},"59":{"start":{"line":274,"column":20},"end":{"line":274,"column":35},"skip":true},"60":{"start":{"line":275,"column":20},"end":{"line":284,"column":21},"skip":true},"61":{"start":{"line":277,"column":24},"end":{"line":277,"column":64},"skip":true},"62":{"start":{"line":279,"column":24},"end":{"line":279,"column":40},"skip":true},"63":{"start":{"line":281,"column":24},"end":{"line":281,"column":40},"skip":true},"64":{"start":{"line":283,"column":24},"end":{"line":283,"column":39},"skip":true},"65":{"start":{"line":288,"column":8},"end":{"line":290,"column":9},"skip":true},"66":{"start":{"line":289,"column":12},"end":{"line":289,"column":18},"skip":true},"67":{"start":{"line":291,"column":8},"end":{"line":293,"column":54},"skip":true},"68":{"start":{"line":296,"column":8},"end":{"line":301,"column":37},"skip":true},"69":{"start":{"line":303,"column":8},"end":{"line":303,"column":82},"skip":true},"70":{"start":{"line":306,"column":8},"end":{"line":308,"column":9},"skip":true},"71":{"start":{"line":307,"column":12},"end":{"line":307,"column":82},"skip":true},"72":{"start":{"line":310,"column":8},"end":{"line":312,"column":9},"skip":true},"73":{"start":{"line":311,"column":12},"end":{"line":311,"column":18},"skip":true},"74":{"start":{"line":313,"column":8},"end":{"line":313,"column":54},"skip":true},"75":{"start":{"line":314,"column":8},"end":{"line":314,"column":69},"skip":true},"76":{"start":{"line":315,"column":8},"end":{"line":323,"column":36},"skip":true},"77":{"start":{"line":316,"column":12},"end":{"line":316,"column":61},"skip":true},"78":{"start":{"line":317,"column":12},"end":{"line":320,"column":13},"skip":true},"79":{"start":{"line":318,"column":16},"end":{"line":318,"column":75},"skip":true},"80":{"start":{"line":319,"column":16},"end":{"line":319,"column":23},"skip":true},"81":{"start":{"line":321,"column":12},"end":{"line":321,"column":38},"skip":true},"82":{"start":{"line":322,"column":12},"end":{"line":322,"column":27},"skip":true},"83":{"start":{"line":324,"column":8},"end":{"line":324,"column":14},"skip":true}},"branchMap":{"1":{"line":39,"type":"binary-expr","locations":[{"start":{"line":39,"column":23},"end":{"line":39,"column":62}},{"start":{"line":40,"column":20},"end":{"line":40,"column":70}},{"start":{"line":41,"column":20},"end":{"line":41,"column":71}},{"start":{"line":42,"column":20},"end":{"line":42,"column":29}}]},"2":{"line":44,"type":"binary-expr","locations":[{"start":{"line":44,"column":23},"end":{"line":44,"column":37}},{"start":{"line":45,"column":20},"end":{"line":45,"column":61}},{"start":{"line":46,"column":20},"end":{"line":46,"column":70}},{"start":{"line":47,"column":20},"end":{"line":47,"column":26}}]},"3":{"line":51,"type":"cond-expr","locations":[{"start":{"line":52,"column":14},"end":{"line":52,"column":20}},{"start":{"line":53,"column":14},"end":{"line":53,"column":20}}]},"4":{"line":55,"type":"binary-expr","locations":[{"start":{"line":55,"column":16},"end":{"line":55,"column":44}},{"start":{"line":55,"column":49},"end":{"line":57,"column":43}}]},"5":{"line":55,"type":"cond-expr","locations":[{"start":{"line":56,"column":14},"end":{"line":56,"column":63}},{"start":{"line":57,"column":14},"end":{"line":57,"column":43}}]},"6":{"line":61,"type":"switch","locations":[{"start":{"line":68,"column":4},"end":{"line":150,"column":14},"skip":true},{"start":{"line":156,"column":4},"end":{"line":324,"column":14},"skip":true}]},"7":{"line":70,"type":"if","locations":[{"start":{"line":70,"column":12},"end":{"line":70,"column":12},"skip":true},{"start":{"line":70,"column":12},"end":{"line":70,"column":12},"skip":true}]},"8":{"line":70,"type":"binary-expr","locations":[{"start":{"line":70,"column":16},"end":{"line":70,"column":22},"skip":true},{"start":{"line":70,"column":27},"end":{"line":70,"column":32},"skip":true},{"start":{"line":71,"column":20},"end":{"line":71,"column":39},"skip":true},{"start":{"line":72,"column":20},"end":{"line":72,"column":49},"skip":true},{"start":{"line":73,"column":20},"end":{"line":73,"column":58},"skip":true},{"start":{"line":74,"column":20},"end":{"line":74,"column":69},"skip":true}]},"9":{"line":79,"type":"switch","locations":[{"start":{"line":80,"column":20},"end":{"line":80,"column":33},"skip":true},{"start":{"line":81,"column":20},"end":{"line":83,"column":30},"skip":true},{"start":{"line":84,"column":20},"end":{"line":85,"column":49},"skip":true}]},"10":{"line":89,"type":"switch","locations":[{"start":{"line":90,"column":12},"end":{"line":103,"column":22},"skip":true},{"start":{"line":105,"column":12},"end":{"line":106,"column":22},"skip":true}]},"11":{"line":89,"type":"binary-expr","locations":[{"start":{"line":89,"column":20},"end":{"line":89,"column":25},"skip":true},{"start":{"line":89,"column":29},"end":{"line":89,"column":48},"skip":true},{"start":{"line":89,"column":52},"end":{"line":89,"column":74},"skip":true}]},"12":{"line":92,"type":"if","locations":[{"start":{"line":92,"column":16},"end":{"line":92,"column":16},"skip":true},{"start":{"line":92,"column":16},"end":{"line":92,"column":16},"skip":true}]},"13":{"line":108,"type":"if","locations":[{"start":{"line":108,"column":12},"end":{"line":108,"column":12},"skip":true},{"start":{"line":108,"column":12},"end":{"line":108,"column":12},"skip":true}]},"14":{"line":108,"type":"binary-expr","locations":[{"start":{"line":108,"column":16},"end":{"line":108,"column":61},"skip":true},{"start":{"line":108,"column":66},"end":{"line":108,"column":72},"skip":true},{"start":{"line":108,"column":77},"end":{"line":108,"column":82},"skip":true},{"start":{"line":109,"column":20},"end":{"line":109,"column":39},"skip":true},{"start":{"line":110,"column":20},"end":{"line":110,"column":49},"skip":true},{"start":{"line":111,"column":20},"end":{"line":111,"column":58},"skip":true},{"start":{"line":112,"column":20},"end":{"line":112,"column":68},"skip":true}]},"15":{"line":129,"type":"if","locations":[{"start":{"line":129,"column":16},"end":{"line":129,"column":16},"skip":true},{"start":{"line":129,"column":16},"end":{"line":129,"column":16},"skip":true}]},"16":{"line":134,"type":"cond-expr","locations":[{"start":{"line":135,"column":26},"end":{"line":135,"column":29},"skip":true},{"start":{"line":136,"column":26},"end":{"line":136,"column":54},"skip":true}]},"17":{"line":164,"type":"binary-expr","locations":[{"start":{"line":164,"column":27},"end":{"line":164,"column":43},"skip":true},{"start":{"line":164,"column":47},"end":{"line":164,"column":49},"skip":true}]},"18":{"line":258,"type":"if","locations":[{"start":{"line":258,"column":8},"end":{"line":258,"column":8},"skip":true},{"start":{"line":258,"column":8},"end":{"line":258,"column":8},"skip":true}]},"19":{"line":275,"type":"switch","locations":[{"start":{"line":276,"column":20},"end":{"line":277,"column":64},"skip":true},{"start":{"line":278,"column":20},"end":{"line":279,"column":40},"skip":true},{"start":{"line":280,"column":20},"end":{"line":281,"column":40},"skip":true},{"start":{"line":282,"column":20},"end":{"line":283,"column":39},"skip":true}]},"20":{"line":288,"type":"if","locations":[{"start":{"line":288,"column":8},"end":{"line":288,"column":8},"skip":true},{"start":{"line":288,"column":8},"end":{"line":288,"column":8},"skip":true}]},"21":{"line":288,"type":"binary-expr","locations":[{"start":{"line":288,"column":12},"end":{"line":288,"column":40},"skip":true},{"start":{"line":288,"column":44},"end":{"line":288,"column":67},"skip":true}]},"22":{"line":292,"type":"binary-expr","locations":[{"start":{"line":292,"column":12},"end":{"line":292,"column":50},"skip":true},{"start":{"line":293,"column":12},"end":{"line":293,"column":53},"skip":true}]},"23":{"line":297,"type":"binary-expr","locations":[{"start":{"line":297,"column":12},"end":{"line":297,"column":77},"skip":true},{"start":{"line":298,"column":12},"end":{"line":301,"column":36},"skip":true}]},"24":{"line":303,"type":"binary-expr","locations":[{"start":{"line":303,"column":43},"end":{"line":303,"column":75},"skip":true},{"start":{"line":303,"column":79},"end":{"line":303,"column":81},"skip":true}]},"25":{"line":306,"type":"if","locations":[{"start":{"line":306,"column":8},"end":{"line":306,"column":8},"skip":true},{"start":{"line":306,"column":8},"end":{"line":306,"column":8},"skip":true}]},"26":{"line":310,"type":"if","locations":[{"start":{"line":310,"column":8},"end":{"line":310,"column":8},"skip":true},{"start":{"line":310,"column":8},"end":{"line":310,"column":8},"skip":true}]},"27":{"line":313,"type":"binary-expr","locations":[{"start":{"line":313,"column":27},"end":{"line":313,"column":43},"skip":true},{"start":{"line":313,"column":47},"end":{"line":313,"column":53},"skip":true}]},"28":{"line":317,"type":"if","locations":[{"start":{"line":317,"column":12},"end":{"line":317,"column":12},"skip":true},{"start":{"line":317,"column":12},"end":{"line":317,"column":12},"skip":true}]}},"code":["/*","example.js","","quickstart example","","instruction","    1. save this script as example.js","    2. run the shell command:","        $ npm install npmtest-eslint-plugin-babel && PORT=8081 node example.js","    3. play with the browser-demo on http://127.0.0.1:8081","*/","","","","/* istanbul instrument in package npmtest_eslint_plugin_babel */","/*jslint","    bitwise: true,","    browser: true,","    maxerr: 8,","    maxlen: 96,","    node: true,","    nomen: true,","    regexp: true,","    stupid: true","*/","(function () {","    'use strict';","    var local;","","","","    // run shared js-env code - pre-init","    (function () {","        // init local","        local = {};","        // init modeJs","        local.modeJs = (function () {","            try {","                return typeof navigator.userAgent === 'string' &&","                    typeof document.querySelector('body') === 'object' &&","                    typeof XMLHttpRequest.prototype.open === 'function' &&","                    'browser';","            } catch (errorCaughtBrowser) {","                return module.exports &&","                    typeof process.versions.node === 'string' &&","                    typeof require('http').createServer === 'function' &&","                    'node';","            }","        }());","        // init global","        local.global = local.modeJs === 'browser'","            ? window","            : global;","        // init utility2_rollup","        local = local.global.utility2_rollup || (local.modeJs === 'browser'","            ? local.global.utility2_npmtest_eslint_plugin_babel","            : global.utility2_moduleExports);","        // export local","        local.global.local = local;","    }());","    switch (local.modeJs) {","","","","    // post-init","    // run browser js-env code - post-init","    /* istanbul ignore next */","    case 'browser':","        local.testRunBrowser = function (event) {","            if (!event || (event &&","                    event.currentTarget &&","                    event.currentTarget.className &&","                    event.currentTarget.className.includes &&","                    event.currentTarget.className.includes('onreset'))) {","                // reset output","                Array.from(","                    document.querySelectorAll('body > .resettable')","                ).forEach(function (element) {","                    switch (element.tagName) {","                    case 'INPUT':","                    case 'TEXTAREA':","                        element.value = '';","                        break;","                    default:","                        element.textContent = '';","                    }","                });","            }","            switch (event && event.currentTarget && event.currentTarget.id) {","            case 'testRunButton1':","                // show tests","                if (document.querySelector('#testReportDiv1').style.display === 'none') {","                    document.querySelector('#testReportDiv1').style.display = 'block';","                    document.querySelector('#testRunButton1').textContent =","                        'hide internal test';","                    local.modeTest = true;","                    local.testRunDefault(local);","                // hide tests","                } else {","                    document.querySelector('#testReportDiv1').style.display = 'none';","                    document.querySelector('#testRunButton1').textContent = 'run internal test';","                }","                break;","            // custom-case","            default:","                break;","            }","            if (document.querySelector('#inputTextareaEval1') && (!event || (event &&","                    event.currentTarget &&","                    event.currentTarget.className &&","                    event.currentTarget.className.includes &&","                    event.currentTarget.className.includes('oneval')))) {","                // try to eval input-code","                try {","                    /*jslint evil: true*/","                    eval(document.querySelector('#inputTextareaEval1').value);","                } catch (errorCaught) {","                    console.error(errorCaught);","                }","            }","        };","        // log stderr and stdout to #outputTextareaStdout1","        ['error', 'log'].forEach(function (key) {","            console[key + '_original'] = console[key];","            console[key] = function () {","                var element;","                console[key + '_original'].apply(console, arguments);","                element = document.querySelector('#outputTextareaStdout1');","                if (!element) {","                    return;","                }","                // append text to #outputTextareaStdout1","                element.value += Array.from(arguments).map(function (arg) {","                    return typeof arg === 'string'","                        ? arg","                        : JSON.stringify(arg, null, 4);","                }).join(' ') + '\\n';","                // scroll textarea to bottom","                element.scrollTop = element.scrollHeight;","            };","        });","        // init event-handling","        ['change', 'click', 'keyup'].forEach(function (event) {","            Array.from(document.querySelectorAll('.on' + event)).forEach(function (element) {","                element.addEventListener(event, local.testRunBrowser);","            });","        });","        // run tests","        local.testRunBrowser();","        break;","","","","    // run node js-env code - post-init","    /* istanbul ignore next */","    case 'node':","        // export local","        module.exports = local;","        // require modules","        local.fs = require('fs');","        local.http = require('http');","        local.url = require('url');","        // init assets","        local.assetsDict = local.assetsDict || {};","        /* jslint-ignore-begin */","        local.assetsDict['/assets.index.template.html'] = '\\","<!doctype html>\\n\\","<html lang=\"en\">\\n\\","<head>\\n\\","<meta charset=\"UTF-8\">\\n\\","<meta name=\"viewport\" content=\"width=device-width, initial-scale=1\">\\n\\","<title>{{env.npm_package_name}} (v{{env.npm_package_version}})</title>\\n\\","<style>\\n\\","/*csslint\\n\\","    box-sizing: false,\\n\\","    universal-selector: false\\n\\","*/\\n\\","* {\\n\\","    box-sizing: border-box;\\n\\","}\\n\\","body {\\n\\","    background: #dde;\\n\\","    font-family: Arial, Helvetica, sans-serif;\\n\\","    margin: 2rem;\\n\\","}\\n\\","body > * {\\n\\","    margin-bottom: 1rem;\\n\\","}\\n\\",".utility2FooterDiv {\\n\\","    margin-top: 20px;\\n\\","    text-align: center;\\n\\","}\\n\\","</style>\\n\\","<style>\\n\\","/*csslint\\n\\","*/\\n\\","textarea {\\n\\","    font-family: monospace;\\n\\","    height: 10rem;\\n\\","    width: 100%;\\n\\","}\\n\\","textarea[readonly] {\\n\\","    background: #ddd;\\n\\","}\\n\\","</style>\\n\\","</head>\\n\\","<body>\\n\\","<!-- utility2-comment\\n\\","<div id=\"ajaxProgressDiv1\" style=\"background: #d00; height: 2px; left: 0; margin: 0; padding: 0; position: fixed; top: 0; transition: background 0.5s, width 1.5s; width: 25%;\"></div>\\n\\","utility2-comment -->\\n\\","<h1>\\n\\","<!-- utility2-comment\\n\\","    <a\\n\\","        {{#if env.npm_package_homepage}}\\n\\","        href=\"{{env.npm_package_homepage}}\"\\n\\","        {{/if env.npm_package_homepage}}\\n\\","        target=\"_blank\"\\n\\","    >\\n\\","utility2-comment -->\\n\\","        {{env.npm_package_name}} (v{{env.npm_package_version}})\\n\\","<!-- utility2-comment\\n\\","    </a>\\n\\","utility2-comment -->\\n\\","</h1>\\n\\","<h3>{{env.npm_package_description}}</h3>\\n\\","<!-- utility2-comment\\n\\","<h4><a download href=\"assets.app.js\">download standalone app</a></h4>\\n\\","<button class=\"onclick onreset\" id=\"testRunButton1\">run internal test</button><br>\\n\\","<div id=\"testReportDiv1\" style=\"display: none;\"></div>\\n\\","utility2-comment -->\\n\\","\\n\\","\\n\\","\\n\\","<label>stderr and stdout</label>\\n\\","<textarea class=\"resettable\" id=\"outputTextareaStdout1\" readonly></textarea>\\n\\","<!-- utility2-comment\\n\\","{{#if isRollup}}\\n\\","<script src=\"assets.app.js\"></script>\\n\\","{{#unless isRollup}}\\n\\","utility2-comment -->\\n\\","<script src=\"assets.utility2.rollup.js\"></script>\\n\\","<script src=\"jsonp.utility2._stateInit?callback=window.utility2._stateInit\"></script>\\n\\","<script src=\"assets.npmtest_eslint_plugin_babel.rollup.js\"></script>\\n\\","<script src=\"assets.example.js\"></script>\\n\\","<script src=\"assets.test.js\"></script>\\n\\","<!-- utility2-comment\\n\\","{{/if isRollup}}\\n\\","utility2-comment -->\\n\\","<div class=\"utility2FooterDiv\">\\n\\","    [ this app was created with\\n\\","    <a href=\"https://github.com/kaizhu256/node-utility2\" target=\"_blank\">utility2</a>\\n\\","    ]\\n\\","</div>\\n\\","</body>\\n\\","</html>\\n\\","';","        /* jslint-ignore-end */","        if (local.templateRender) {","            local.assetsDict['/'] = local.templateRender(","                local.assetsDict['/assets.index.template.html'],","                {","                    env: local.objectSetDefault(local.env, {","                        npm_package_description: 'the greatest app in the world!',","                        npm_package_name: 'my-app',","                        npm_package_nameAlias: 'my_app',","                        npm_package_version: '0.0.1'","                    })","                }","            );","        } else {","            local.assetsDict['/'] = local.assetsDict['/assets.index.template.html']","                .replace((/\\{\\{env\\.(\\w+?)\\}\\}/g), function (match0, match1) {","                    // jslint-hack","                    String(match0);","                    switch (match1) {","                    case 'npm_package_description':","                        return 'the greatest app in the world!';","                    case 'npm_package_name':","                        return 'my-app';","                    case 'npm_package_nameAlias':","                        return 'my_app';","                    case 'npm_package_version':","                        return '0.0.1';","                    }","                });","        }","        // run the cli","        if (local.global.utility2_rollup || module !== require.main) {","            break;","        }","        local.assetsDict['/assets.example.js'] =","            local.assetsDict['/assets.example.js'] ||","            local.fs.readFileSync(__filename, 'utf8');","        // bug-workaround - long $npm_package_buildCustomOrg","        /* jslint-ignore-begin */","        local.assetsDict['/assets.npmtest_eslint_plugin_babel.rollup.js'] =","            local.assetsDict['/assets.npmtest_eslint_plugin_babel.rollup.js'] ||","            local.fs.readFileSync(","                local.npmtest_eslint_plugin_babel.__dirname + '/lib.npmtest_eslint_plugin_babel.js',","                'utf8'","            ).replace((/^#!/), '//');","        /* jslint-ignore-end */","        local.assetsDict['/favicon.ico'] = local.assetsDict['/favicon.ico'] || '';","        // if $npm_config_timeout_exit exists,","        // then exit this process after $npm_config_timeout_exit ms","        if (Number(process.env.npm_config_timeout_exit)) {","            setTimeout(process.exit, Number(process.env.npm_config_timeout_exit));","        }","        // start server","        if (local.global.utility2_serverHttp1) {","            break;","        }","        process.env.PORT = process.env.PORT || '8081';","        console.error('server starting on port ' + process.env.PORT);","        local.http.createServer(function (request, response) {","            request.urlParsed = local.url.parse(request.url);","            if (local.assetsDict[request.urlParsed.pathname] !== undefined) {","                response.end(local.assetsDict[request.urlParsed.pathname]);","                return;","            }","            response.statusCode = 404;","            response.end();","        }).listen(process.env.PORT);","        break;","    }","}());",""],"l":{"26":2,"28":2,"33":2,"35":2,"37":2,"38":2,"39":2,"44":1,"51":2,"55":2,"59":2,"61":2,"69":1,"70":2,"76":2,"79":2,"82":2,"83":2,"85":1,"89":2,"92":1,"93":1,"94":1,"96":1,"97":1,"100":1,"101":1,"103":1,"106":1,"108":2,"114":1,"116":1,"118":1,"123":1,"124":2,"125":2,"126":3,"127":3,"128":3,"129":3,"130":1,"133":3,"134":3,"139":3,"143":1,"144":3,"145":1,"149":1,"150":1,"158":1,"160":1,"161":1,"162":1,"164":1,"166":1,"258":1,"259":1,"271":1,"274":6,"275":6,"277":1,"279":2,"281":1,"283":2,"288":1,"289":1,"291":1,"296":1,"303":1,"306":1,"307":1,"310":1,"311":1,"313":1,"314":1,"315":1,"316":1,"317":1,"318":1,"319":1,"321":1,"322":1,"324":1}},"/home/travis/build/npmtest/node-npmtest-eslint-plugin-babel/node_modules/eslint-plugin-babel/index.js":{"path":"/home/travis/build/npmtest/node-npmtest-eslint-plugin-babel/node_modules/eslint-plugin-babel/index.js","s":{"1":1},"b":{},"f":{},"fnMap":{},"statementMap":{"1":{"start":{"line":3,"column":0},"end":{"line":30,"column":2}}},"branchMap":{},"code":["'use strict';","","module.exports = {","  rules: {","    'generator-star-spacing': require('./rules/generator-star-spacing'),","    'new-cap': require('./rules/new-cap'),","    'object-curly-spacing': require('./rules/object-curly-spacing'),","    'array-bracket-spacing': require('./rules/array-bracket-spacing'),","    'object-shorthand': require('./rules/object-shorthand'),","    'arrow-parens': require('./rules/arrow-parens'),","    'no-await-in-loop': require('./rules/no-await-in-loop'),","    'flow-object-type': require('./rules/flow-object-type'),","    'func-params-comma-dangle': require('./rules/func-params-comma-dangle'),","    'no-invalid-this': require('./rules/no-invalid-this'),","    'semi': require('./rules/semi'),","  },","  rulesConfig: {","    'generator-star-spacing': 0,","    'new-cap': 0,","    'object-curly-spacing': 0,","    'array-bracket-spacing': 0,","    'object-shorthand': 0,","    'arrow-parens': 0,","    'no-await-in-loop': 0,","    'flow-object-type': 0,","    'func-params-comma-dangle': 0,","    'no-invalid-this': 0,","    'semi': 0,","  }","};",""],"l":{"3":1}},"/home/travis/build/npmtest/node-npmtest-eslint-plugin-babel/node_modules/eslint-plugin-babel/rules/generator-star-spacing.js":{"path":"/home/travis/build/npmtest/node-npmtest-eslint-plugin-babel/node_modules/eslint-plugin-babel/rules/generator-star-spacing.js","s":{"1":1,"2":1,"3":0,"4":0,"5":0,"6":0,"7":0},"b":{"1":[0,0],"2":[0,0]},"f":{"1":0,"2":0},"fnMap":{"1":{"name":"(anonymous_1)","line":25,"loc":{"start":{"line":25,"column":12},"end":{"line":25,"column":23}}},"2":{"name":"(anonymous_2)","line":27,"loc":{"start":{"line":27,"column":21},"end":{"line":27,"column":32}}}},"statementMap":{"1":{"start":{"line":3,"column":0},"end":{"line":3,"column":35}},"2":{"start":{"line":4,"column":0},"end":{"line":40,"column":2}},"3":{"start":{"line":26,"column":8},"end":{"line":38,"column":10}},"4":{"start":{"line":28,"column":16},"end":{"line":30,"column":17}},"5":{"start":{"line":29,"column":20},"end":{"line":29,"column":27}},"6":{"start":{"line":33,"column":16},"end":{"line":34,"column":85}},"7":{"start":{"line":36,"column":16},"end":{"line":36,"column":46}}},"branchMap":{"1":{"line":28,"type":"if","locations":[{"start":{"line":28,"column":16},"end":{"line":28,"column":16}},{"start":{"line":28,"column":16},"end":{"line":28,"column":16}}]},"2":{"line":28,"type":"binary-expr","locations":[{"start":{"line":28,"column":20},"end":{"line":28,"column":42}},{"start":{"line":28,"column":46},"end":{"line":28,"column":92}}]}},"code":["\"use strict\";","","var isWarnedForDeprecation = false;","module.exports = {","    meta: {","        deprecated: true,","        schema: [","            {","                \"oneOf\": [","                    {","                        \"enum\": [\"before\", \"after\", \"both\", \"neither\"]","                    },","                    {","                        \"type\": \"object\",","                        \"properties\": {","                            \"before\": {\"type\": \"boolean\"},","                            \"after\": {\"type\": \"boolean\"}","                        },","                        \"additionalProperties\": false","                    }","                ]","            }","        ]","    },","    create: function() {","        return {","            Program: function() {","                if (isWarnedForDeprecation || /\\=-(f|-format)=/.test(process.argv.join('='))) {","                    return;","                }","","                /* eslint-disable no-console */","                console.log('The babel/generator-star-spacing rule is deprecated. Please ' +","                            'use the built in generator-star-spacing rule instead.');","                /* eslint-enable no-console */","                isWarnedForDeprecation = true;","            }","        };","    }","};",""],"l":{"3":1,"4":1,"26":0,"28":0,"29":0,"33":0,"36":0}},"/home/travis/build/npmtest/node-npmtest-eslint-plugin-babel/node_modules/eslint-plugin-babel/rules/new-cap.js":{"path":"/home/travis/build/npmtest/node-npmtest-eslint-plugin-babel/node_modules/eslint-plugin-babel/rules/new-cap.js","s":{"1":1,"2":1,"3":0,"4":0,"5":0,"6":1,"7":0,"8":0,"9":1,"10":0,"11":0,"12":0,"13":0,"14":1,"15":0,"16":0,"17":0,"18":0,"19":0,"20":0,"21":1,"22":0,"23":0,"24":0,"25":0,"26":0,"27":0,"28":0,"29":0,"30":0,"31":1,"32":0,"33":0,"34":0,"35":0,"36":0,"37":0,"38":0,"39":0,"40":1,"41":0,"42":1,"43":0,"44":0,"45":0,"46":0,"47":0,"48":1,"49":0,"50":0,"51":0,"52":0,"53":0,"54":0,"55":0,"56":0,"57":0,"58":0,"59":0,"60":0,"61":0,"62":0,"63":0,"64":0,"65":0,"66":0,"67":0,"68":0,"69":0,"70":1},"b":{"1":[0,0],"2":[0,0],"3":[0,0],"4":[0,0],"5":[0,0],"6":[0,0],"7":[0,0],"8":[0,0],"9":[0,0],"10":[0,0],"11":[0,0],"12":[0,0],"13":[0,0],"14":[0,0],"15":[0,0],"16":[0,0],"17":[0,0],"18":[0,0],"19":[0,0],"20":[0,0],"21":[0,0],"22":[0,0],"23":[0,0],"24":[0,0],"25":[0,0,0],"26":[0,0]},"f":{"1":0,"2":0,"3":0,"4":0,"5":0,"6":0,"7":0,"8":0,"9":0,"10":0,"11":0},"fnMap":{"1":{"name":"checkArray","line":31,"loc":{"start":{"line":31,"column":0},"end":{"line":31,"column":40}}},"2":{"name":"invert","line":45,"loc":{"start":{"line":45,"column":0},"end":{"line":45,"column":26}}},"3":{"name":"calculateCapIsNewExceptions","line":55,"loc":{"start":{"line":55,"column":0},"end":{"line":55,"column":45}}},"4":{"name":"(anonymous_4)","line":69,"loc":{"start":{"line":69,"column":17},"end":{"line":69,"column":35}}},"5":{"name":"extractNameFromExpression","line":90,"loc":{"start":{"line":90,"column":4},"end":{"line":90,"column":45}}},"6":{"name":"getCap","line":115,"loc":{"start":{"line":115,"column":4},"end":{"line":115,"column":25}}},"7":{"name":"isDecorator","line":136,"loc":{"start":{"line":136,"column":4},"end":{"line":136,"column":31}}},"8":{"name":"isCapAllowed","line":147,"loc":{"start":{"line":147,"column":4},"end":{"line":147,"column":56}}},"9":{"name":"report","line":165,"loc":{"start":{"line":165,"column":4},"end":{"line":165,"column":35}}},"10":{"name":"(anonymous_10)","line":180,"loc":{"start":{"line":180,"column":34},"end":{"line":180,"column":49}}},"11":{"name":"(anonymous_11)","line":194,"loc":{"start":{"line":194,"column":35},"end":{"line":194,"column":50}}}},"statementMap":{"1":{"start":{"line":11,"column":0},"end":{"line":22,"column":2}},"2":{"start":{"line":31,"column":0},"end":{"line":37,"column":1}},"3":{"start":{"line":33,"column":4},"end":{"line":35,"column":5}},"4":{"start":{"line":34,"column":8},"end":{"line":34,"column":69},"skip":true},"5":{"start":{"line":36,"column":4},"end":{"line":36,"column":32}},"6":{"start":{"line":45,"column":0},"end":{"line":48,"column":1}},"7":{"start":{"line":46,"column":4},"end":{"line":46,"column":20}},"8":{"start":{"line":47,"column":4},"end":{"line":47,"column":15}},"9":{"start":{"line":55,"column":0},"end":{"line":63,"column":1}},"10":{"start":{"line":56,"column":4},"end":{"line":56,"column":84}},"11":{"start":{"line":58,"column":4},"end":{"line":60,"column":5}},"12":{"start":{"line":59,"column":8},"end":{"line":59,"column":69}},"13":{"start":{"line":62,"column":4},"end":{"line":62,"column":49}},"14":{"start":{"line":69,"column":0},"end":{"line":208,"column":2}},"15":{"start":{"line":71,"column":4},"end":{"line":71,"column":42}},"16":{"start":{"line":72,"column":4},"end":{"line":72,"column":47}},"17":{"start":{"line":73,"column":4},"end":{"line":73,"column":47}},"18":{"start":{"line":75,"column":4},"end":{"line":75,"column":93}},"19":{"start":{"line":77,"column":4},"end":{"line":77,"column":65}},"20":{"start":{"line":79,"column":4},"end":{"line":79,"column":23}},"21":{"start":{"line":90,"column":4},"end":{"line":107,"column":5}},"22":{"start":{"line":92,"column":8},"end":{"line":93,"column":21}},"23":{"start":{"line":95,"column":8},"end":{"line":105,"column":9}},"24":{"start":{"line":96,"column":12},"end":{"line":96,"column":44}},"25":{"start":{"line":98,"column":12},"end":{"line":102,"column":13}},"26":{"start":{"line":99,"column":16},"end":{"line":99,"column":38}},"27":{"start":{"line":100,"column":19},"end":{"line":102,"column":13}},"28":{"start":{"line":101,"column":16},"end":{"line":101,"column":37}},"29":{"start":{"line":104,"column":12},"end":{"line":104,"column":36}},"30":{"start":{"line":106,"column":8},"end":{"line":106,"column":20}},"31":{"start":{"line":115,"column":4},"end":{"line":129,"column":5}},"32":{"start":{"line":116,"column":8},"end":{"line":116,"column":38}},"33":{"start":{"line":118,"column":8},"end":{"line":118,"column":53}},"34":{"start":{"line":119,"column":8},"end":{"line":119,"column":53}},"35":{"start":{"line":121,"column":8},"end":{"line":128,"column":9}},"36":{"start":{"line":123,"column":12},"end":{"line":123,"column":31}},"37":{"start":{"line":124,"column":15},"end":{"line":128,"column":9}},"38":{"start":{"line":125,"column":12},"end":{"line":125,"column":27}},"39":{"start":{"line":127,"column":12},"end":{"line":127,"column":27}},"40":{"start":{"line":136,"column":4},"end":{"line":138,"column":5}},"41":{"start":{"line":137,"column":8},"end":{"line":137,"column":48}},"42":{"start":{"line":147,"column":4},"end":{"line":157,"column":5}},"43":{"start":{"line":148,"column":8},"end":{"line":150,"column":9}},"44":{"start":{"line":149,"column":12},"end":{"line":149,"column":24}},"45":{"start":{"line":151,"column":8},"end":{"line":155,"column":9}},"46":{"start":{"line":153,"column":12},"end":{"line":154,"column":51}},"47":{"start":{"line":156,"column":8},"end":{"line":156,"column":21}},"48":{"start":{"line":165,"column":4},"end":{"line":173,"column":5}},"49":{"start":{"line":166,"column":8},"end":{"line":166,"column":33}},"50":{"start":{"line":168,"column":8},"end":{"line":170,"column":9}},"51":{"start":{"line":169,"column":12},"end":{"line":169,"column":37}},"52":{"start":{"line":172,"column":8},"end":{"line":172,"column":56}},"53":{"start":{"line":179,"column":4},"end":{"line":191,"column":5}},"54":{"start":{"line":180,"column":8},"end":{"line":190,"column":10}},"55":{"start":{"line":182,"column":12},"end":{"line":182,"column":66}},"56":{"start":{"line":183,"column":12},"end":{"line":189,"column":13}},"57":{"start":{"line":184,"column":16},"end":{"line":184,"column":61}},"58":{"start":{"line":185,"column":16},"end":{"line":185,"column":118}},"59":{"start":{"line":186,"column":16},"end":{"line":188,"column":17}},"60":{"start":{"line":187,"column":20},"end":{"line":187,"column":97}},"61":{"start":{"line":193,"column":4},"end":{"line":205,"column":5}},"62":{"start":{"line":194,"column":8},"end":{"line":204,"column":10}},"63":{"start":{"line":196,"column":12},"end":{"line":196,"column":61}},"64":{"start":{"line":197,"column":12},"end":{"line":203,"column":13}},"65":{"start":{"line":198,"column":16},"end":{"line":198,"column":56}},"66":{"start":{"line":199,"column":16},"end":{"line":199,"column":134}},"67":{"start":{"line":200,"column":16},"end":{"line":202,"column":17}},"68":{"start":{"line":201,"column":20},"end":{"line":201,"column":131}},"69":{"start":{"line":207,"column":4},"end":{"line":207,"column":21}},"70":{"start":{"line":210,"column":0},"end":{"line":235,"column":2}}},"branchMap":{"1":{"line":33,"type":"if","locations":[{"start":{"line":33,"column":4},"end":{"line":33,"column":4},"skip":true},{"start":{"line":33,"column":4},"end":{"line":33,"column":4}}]},"2":{"line":33,"type":"binary-expr","locations":[{"start":{"line":33,"column":8},"end":{"line":33,"column":54}},{"start":{"line":33,"column":58},"end":{"line":33,"column":82}}]},"3":{"line":36,"type":"binary-expr","locations":[{"start":{"line":36,"column":11},"end":{"line":36,"column":19}},{"start":{"line":36,"column":23},"end":{"line":36,"column":31}}]},"4":{"line":58,"type":"if","locations":[{"start":{"line":58,"column":4},"end":{"line":58,"column":4}},{"start":{"line":58,"column":4},"end":{"line":58,"column":4}}]},"5":{"line":71,"type":"binary-expr","locations":[{"start":{"line":71,"column":17},"end":{"line":71,"column":35}},{"start":{"line":71,"column":39},"end":{"line":71,"column":41}}]},"6":{"line":95,"type":"if","locations":[{"start":{"line":95,"column":8},"end":{"line":95,"column":8}},{"start":{"line":95,"column":8},"end":{"line":95,"column":8}}]},"7":{"line":98,"type":"if","locations":[{"start":{"line":98,"column":12},"end":{"line":98,"column":12}},{"start":{"line":98,"column":12},"end":{"line":98,"column":12}}]},"8":{"line":98,"type":"binary-expr","locations":[{"start":{"line":98,"column":16},"end":{"line":98,"column":43}},{"start":{"line":98,"column":48},"end":{"line":98,"column":82}}]},"9":{"line":100,"type":"if","locations":[{"start":{"line":100,"column":19},"end":{"line":100,"column":19}},{"start":{"line":100,"column":19},"end":{"line":100,"column":19}}]},"10":{"line":100,"type":"binary-expr","locations":[{"start":{"line":100,"column":23},"end":{"line":100,"column":53}},{"start":{"line":100,"column":57},"end":{"line":100,"column":78}}]},"11":{"line":121,"type":"if","locations":[{"start":{"line":121,"column":8},"end":{"line":121,"column":8}},{"start":{"line":121,"column":8},"end":{"line":121,"column":8}}]},"12":{"line":124,"type":"if","locations":[{"start":{"line":124,"column":15},"end":{"line":124,"column":15}},{"start":{"line":124,"column":15},"end":{"line":124,"column":15}}]},"13":{"line":148,"type":"if","locations":[{"start":{"line":148,"column":8},"end":{"line":148,"column":8}},{"start":{"line":148,"column":8},"end":{"line":148,"column":8}}]},"14":{"line":148,"type":"binary-expr","locations":[{"start":{"line":148,"column":12},"end":{"line":148,"column":34}},{"start":{"line":148,"column":38},"end":{"line":148,"column":80}}]},"15":{"line":151,"type":"if","locations":[{"start":{"line":151,"column":8},"end":{"line":151,"column":8}},{"start":{"line":151,"column":8},"end":{"line":151,"column":8}}]},"16":{"line":151,"type":"binary-expr","locations":[{"start":{"line":151,"column":12},"end":{"line":151,"column":32}},{"start":{"line":151,"column":36},"end":{"line":151,"column":75}}]},"17":{"line":153,"type":"binary-expr","locations":[{"start":{"line":153,"column":19},"end":{"line":153,"column":59}},{"start":{"line":154,"column":16},"end":{"line":154,"column":50}}]},"18":{"line":168,"type":"if","locations":[{"start":{"line":168,"column":8},"end":{"line":168,"column":8}},{"start":{"line":168,"column":8},"end":{"line":168,"column":8}}]},"19":{"line":179,"type":"if","locations":[{"start":{"line":179,"column":4},"end":{"line":179,"column":4}},{"start":{"line":179,"column":4},"end":{"line":179,"column":4}}]},"20":{"line":183,"type":"if","locations":[{"start":{"line":183,"column":12},"end":{"line":183,"column":12}},{"start":{"line":183,"column":12},"end":{"line":183,"column":12}}]},"21":{"line":185,"type":"binary-expr","locations":[{"start":{"line":185,"column":32},"end":{"line":185,"column":58}},{"start":{"line":185,"column":62},"end":{"line":185,"column":117}}]},"22":{"line":186,"type":"if","locations":[{"start":{"line":186,"column":16},"end":{"line":186,"column":16}},{"start":{"line":186,"column":16},"end":{"line":186,"column":16}}]},"23":{"line":193,"type":"if","locations":[{"start":{"line":193,"column":4},"end":{"line":193,"column":4}},{"start":{"line":193,"column":4},"end":{"line":193,"column":4}}]},"24":{"line":197,"type":"if","locations":[{"start":{"line":197,"column":12},"end":{"line":197,"column":12}},{"start":{"line":197,"column":12},"end":{"line":197,"column":12}}]},"25":{"line":199,"type":"binary-expr","locations":[{"start":{"line":199,"column":32},"end":{"line":199,"column":58}},{"start":{"line":199,"column":62},"end":{"line":199,"column":79}},{"start":{"line":199,"column":83},"end":{"line":199,"column":133}}]},"26":{"line":200,"type":"if","locations":[{"start":{"line":200,"column":16},"end":{"line":200,"column":16}},{"start":{"line":200,"column":16},"end":{"line":200,"column":16}}]}},"code":["/**"," * @fileoverview Rule to flag use of constructors without capital letters"," * @author Nicholas C. Zakas"," * @copyright 2014 Jordan Harband. All rights reserved."," * @copyright 2013-2014 Nicholas C. Zakas. All rights reserved."," * @copyright 2015 Mathieu M-Gosselin. All rights reserved."," */","","\"use strict\";","","var CAPS_ALLOWED = [","    \"Array\",","    \"Boolean\",","    \"Date\",","    \"Error\",","    \"Function\",","    \"Number\",","    \"Object\",","    \"RegExp\",","    \"String\",","    \"Symbol\"","];","","/**"," * Ensure that if the key is provided, it must be an array."," * @param {Object} obj Object to check with `key`."," * @param {string} key Object key to check on `obj`."," * @param {*} fallback If obj[key] is not present, this will be returned."," * @returns {string[]} Returns obj[key] if it's an Array, otherwise `fallback`"," */","function checkArray(obj, key, fallback) {","    /* istanbul ignore if */","    if (Object.prototype.hasOwnProperty.call(obj, key) && !Array.isArray(obj[key])) {","        throw new TypeError(key + \", if provided, must be an Array\");","    }","    return obj[key] || fallback;","}","","/**"," * A reducer function to invert an array to an Object mapping the string form of the key, to `true`."," * @param {Object} map Accumulator object for the reduce."," * @param {string} key Object key to set to `true`."," * @returns {Object} Returns the updated Object for further reduction."," */","function invert(map, key) {","    map[key] = true;","    return map;","}","","/**"," * Creates an object with the cap is new exceptions as its keys and true as their values."," * @param {Object} config Rule configuration"," * @returns {Object} Object with cap is new exceptions."," */","function calculateCapIsNewExceptions(config) {","    var capIsNewExceptions = checkArray(config, \"capIsNewExceptions\", CAPS_ALLOWED);","","    if (capIsNewExceptions !== CAPS_ALLOWED) {","        capIsNewExceptions = capIsNewExceptions.concat(CAPS_ALLOWED);","    }","","    return capIsNewExceptions.reduce(invert, {});","}","","//------------------------------------------------------------------------------","// Rule Definition","//------------------------------------------------------------------------------","","module.exports = function(context) {","","    var config = context.options[0] || {};","    var NEW_IS_CAP = config.newIsCap !== false;","    var CAP_IS_NEW = config.capIsNew !== false;","","    var newIsCapExceptions = checkArray(config, \"newIsCapExceptions\", []).reduce(invert, {});","","    var capIsNewExceptions = calculateCapIsNewExceptions(config);","","    var listeners = {};","","    //--------------------------------------------------------------------------","    // Helpers","    //--------------------------------------------------------------------------","","    /**","     * Get exact callee name from expression","     * @param {ASTNode} node CallExpression or NewExpression node","     * @returns {string} name","     */","    function extractNameFromExpression(node) {","","        var name = \"\",","            property;","","        if (node.callee.type === \"MemberExpression\") {","            property = node.callee.property;","","            if (property.type === \"Literal\" && (typeof property.value === \"string\")) {","                name = property.value;","            } else if (property.type === \"Identifier\" && !node.callee.computed) {","                name = property.name;","            }","        } else {","            name = node.callee.name;","        }","        return name;","    }","","    /**","     * Returns the capitalization state of the string -","     * Whether the first character is uppercase, lowercase, or non-alphabetic","     * @param {string} str String","     * @returns {string} capitalization state: \"non-alpha\", \"lower\", or \"upper\"","     */","    function getCap(str) {","        var firstChar = str.charAt(0);","","        var firstCharLower = firstChar.toLowerCase();","        var firstCharUpper = firstChar.toUpperCase();","","        if (firstCharLower === firstCharUpper) {","            // char has no uppercase variant, so it's non-alphabetic","            return \"non-alpha\";","        } else if (firstChar === firstCharLower) {","            return \"lower\";","        } else {","            return \"upper\";","        }","    }","","    /**","     * Returns whether a node is under a decorator or not.","     * @param  {ASTNode}  node CallExpression node","     * @returns {Boolean} Returns true if the node is under a decorator.","     */","    function isDecorator(node) {","        return node.parent.type === \"Decorator\";","    }","","    /**","     * Check if capitalization is allowed for a CallExpression","     * @param {Object} allowedMap Object mapping calleeName to a Boolean","     * @param {ASTNode} node CallExpression node","     * @param {string} calleeName Capitalized callee name from a CallExpression","     * @returns {Boolean} Returns true if the callee may be capitalized","     */","    function isCapAllowed(allowedMap, node, calleeName) {","        if (allowedMap[calleeName] || allowedMap[context.getSource(node.callee)]) {","            return true;","        }","        if (calleeName === \"UTC\" && node.callee.type === \"MemberExpression\") {","            // allow if callee is Date.UTC","            return node.callee.object.type === \"Identifier\" &&","                node.callee.object.name === \"Date\";","        }","        return false;","    }","","    /**","     * Reports the given message for the given node. The location will be the start of the property or the callee.","     * @param {ASTNode} node CallExpression or NewExpression node.","     * @param {string} message The message to report.","     * @returns {void}","     */","    function report(node, message) {","        var callee = node.callee;","","        if (callee.type === \"MemberExpression\") {","            callee = callee.property;","        }","","        context.report(node, callee.loc.start, message);","    }","","    //--------------------------------------------------------------------------","    // Public","    //--------------------------------------------------------------------------","","    if (NEW_IS_CAP) {","        listeners.NewExpression = function(node) {","","            var constructorName = extractNameFromExpression(node);","            if (constructorName) {","                var capitalization = getCap(constructorName);","                var isAllowed = capitalization !== \"lower\" || isCapAllowed(newIsCapExceptions, node, constructorName);","                if (!isAllowed) {","                    report(node, \"A constructor name should not start with a lowercase letter.\");","                }","            }","        };","    }","","    if (CAP_IS_NEW) {","        listeners.CallExpression = function(node) {","","            var calleeName = extractNameFromExpression(node);","            if (calleeName) {","                var capitalization = getCap(calleeName);","                var isAllowed = capitalization !== \"upper\" || isDecorator(node) || isCapAllowed(capIsNewExceptions, node, calleeName);","                if (!isAllowed) {","                    report(node, \"A function with a name starting with an uppercase letter should only be used as a constructor.\");","                }","            }","        };","    }","","    return listeners;","};","","module.exports.schema = [","    {","        \"type\": \"object\",","        \"properties\": {","            \"newIsCap\": {","                \"type\": \"boolean\"","            },","            \"capIsNew\": {","                \"type\": \"boolean\"","            },","            \"newIsCapExceptions\": {","                \"type\": \"array\",","                \"items\": {","                    \"type\": \"string\"","                }","            },","            \"capIsNewExceptions\": {","                \"type\": \"array\",","                \"items\": {","                    \"type\": \"string\"","                }","            }","        },","        \"additionalProperties\": false","    }","];",""],"l":{"11":1,"31":1,"33":0,"34":1,"36":0,"45":1,"46":0,"47":0,"55":1,"56":0,"58":0,"59":0,"62":0,"69":1,"71":0,"72":0,"73":0,"75":0,"77":0,"79":0,"90":1,"92":0,"95":0,"96":0,"98":0,"99":0,"100":0,"101":0,"104":0,"106":0,"115":1,"116":0,"118":0,"119":0,"121":0,"123":0,"124":0,"125":0,"127":0,"136":1,"137":0,"147":1,"148":0,"149":0,"151":0,"153":0,"156":0,"165":1,"166":0,"168":0,"169":0,"172":0,"179":0,"180":0,"182":0,"183":0,"184":0,"185":0,"186":0,"187":0,"193":0,"194":0,"196":0,"197":0,"198":0,"199":0,"200":0,"201":0,"207":0,"210":1}},"/home/travis/build/npmtest/node-npmtest-eslint-plugin-babel/node_modules/eslint-plugin-babel/rules/object-curly-spacing.js":{"path":"/home/travis/build/npmtest/node-npmtest-eslint-plugin-babel/node_modules/eslint-plugin-babel/rules/object-curly-spacing.js","s":{"1":1,"2":0,"3":1,"4":0,"5":0,"6":1,"7":0,"8":1,"9":0,"10":1,"11":0,"12":0,"13":0,"14":1,"15":0,"16":0,"17":0,"18":1,"19":0,"20":0,"21":1,"22":0,"23":0,"24":1,"25":0,"26":0,"27":0,"28":0,"29":0,"30":0,"31":0,"32":0,"33":0,"34":0,"35":0,"36":1,"37":0,"38":0,"39":0,"40":0,"41":0,"42":0,"43":0,"44":0,"45":1,"46":0,"47":0,"48":0,"49":0,"50":0,"51":0,"52":0,"53":0,"54":0,"55":0,"56":0,"57":0,"58":1,"59":0,"60":0,"61":0,"62":0,"63":0,"64":0,"65":0,"66":0,"67":0,"68":0,"69":1},"b":{"1":[0,0],"2":[0,0],"3":[0,0,0,0],"4":[0,0],"5":[0,0],"6":[0,0],"7":[0,0],"8":[0,0],"9":[0,0],"10":[0,0],"11":[0,0],"12":[0,0],"13":[0,0],"14":[0,0],"15":[0,0],"16":[0,0],"17":[0,0],"18":[0,0],"19":[0,0],"20":[0,0],"21":[0,0],"22":[0,0]},"f":{"1":0,"2":0,"3":0,"4":0,"5":0,"6":0,"7":0,"8":0,"9":0,"10":0,"11":0,"12":0,"13":0,"14":0,"15":0,"16":0},"fnMap":{"1":{"name":"(anonymous_1)","line":18,"loc":{"start":{"line":18,"column":17},"end":{"line":18,"column":35}}},"2":{"name":"isOptionSet","line":29,"loc":{"start":{"line":29,"column":4},"end":{"line":29,"column":33}}},"3":{"name":"isSpaced","line":49,"loc":{"start":{"line":49,"column":4},"end":{"line":49,"column":35}}},"4":{"name":"isSameLine","line":59,"loc":{"start":{"line":59,"column":4},"end":{"line":59,"column":37}}},"5":{"name":"reportNoBeginningSpace","line":69,"loc":{"start":{"line":69,"column":4},"end":{"line":69,"column":49}}},"6":{"name":"(anonymous_6)","line":74,"loc":{"start":{"line":74,"column":17},"end":{"line":74,"column":33}}},"7":{"name":"reportNoEndingSpace","line":87,"loc":{"start":{"line":87,"column":4},"end":{"line":87,"column":46}}},"8":{"name":"(anonymous_8)","line":92,"loc":{"start":{"line":92,"column":17},"end":{"line":92,"column":33}}},"9":{"name":"reportRequiredBeginningSpace","line":105,"loc":{"start":{"line":105,"column":4},"end":{"line":105,"column":55}}},"10":{"name":"(anonymous_10)","line":110,"loc":{"start":{"line":110,"column":17},"end":{"line":110,"column":33}}},"11":{"name":"reportRequiredEndingSpace","line":122,"loc":{"start":{"line":122,"column":4},"end":{"line":122,"column":52}}},"12":{"name":"(anonymous_12)","line":127,"loc":{"start":{"line":127,"column":17},"end":{"line":127,"column":33}}},"13":{"name":"validateBraceSpacing","line":142,"loc":{"start":{"line":142,"column":4},"end":{"line":142,"column":74}}},"14":{"name":"checkForObject","line":172,"loc":{"start":{"line":172,"column":4},"end":{"line":172,"column":34}}},"15":{"name":"checkForImport","line":199,"loc":{"start":{"line":199,"column":4},"end":{"line":199,"column":34}}},"16":{"name":"checkForExport","line":233,"loc":{"start":{"line":233,"column":4},"end":{"line":233,"column":34}}}},"statementMap":{"1":{"start":{"line":18,"column":0},"end":{"line":278,"column":2}},"2":{"start":{"line":19,"column":4},"end":{"line":20,"column":45}},"3":{"start":{"line":29,"column":4},"end":{"line":31,"column":5}},"4":{"start":{"line":30,"column":8},"end":{"line":30,"column":91}},"5":{"start":{"line":33,"column":4},"end":{"line":37,"column":6}},"6":{"start":{"line":49,"column":4},"end":{"line":51,"column":5}},"7":{"start":{"line":50,"column":8},"end":{"line":50,"column":60}},"8":{"start":{"line":59,"column":4},"end":{"line":61,"column":5}},"9":{"start":{"line":60,"column":8},"end":{"line":60,"column":60}},"10":{"start":{"line":69,"column":4},"end":{"line":79,"column":5}},"11":{"start":{"line":70,"column":8},"end":{"line":78,"column":11}},"12":{"start":{"line":75,"column":16},"end":{"line":75,"column":64}},"13":{"start":{"line":76,"column":16},"end":{"line":76,"column":79}},"14":{"start":{"line":87,"column":4},"end":{"line":97,"column":5}},"15":{"start":{"line":88,"column":8},"end":{"line":96,"column":11}},"16":{"start":{"line":93,"column":16},"end":{"line":93,"column":69}},"17":{"start":{"line":94,"column":16},"end":{"line":94,"column":83}},"18":{"start":{"line":105,"column":4},"end":{"line":114,"column":5}},"19":{"start":{"line":106,"column":8},"end":{"line":113,"column":11}},"20":{"start":{"line":111,"column":16},"end":{"line":111,"column":57}},"21":{"start":{"line":122,"column":4},"end":{"line":131,"column":5}},"22":{"start":{"line":123,"column":8},"end":{"line":130,"column":11}},"23":{"start":{"line":128,"column":16},"end":{"line":128,"column":58}},"24":{"start":{"line":142,"column":4},"end":{"line":165,"column":5}},"25":{"start":{"line":143,"column":8},"end":{"line":146,"column":51}},"26":{"start":{"line":148,"column":8},"end":{"line":155,"column":9}},"27":{"start":{"line":149,"column":12},"end":{"line":151,"column":13}},"28":{"start":{"line":150,"column":16},"end":{"line":150,"column":
[...]
":0,"43":0,"56":1,"57":0,"65":1,"66":0,"74":1,"75":0,"76":0,"77":0,"79":0,"81":0,"90":1,"91":0,"103":1,"104":0,"112":1,"113":0,"128":1,"129":0,"144":1,"145":0,"146":0,"147":0,"149":0,"150":0,"151":0,"154":0,"157":0,"166":1,"167":0,"169":0,"170":0,"177":0,"178":0,"189":1,"190":0,"193":0,"202":1,"212":0,"228":0,"249":0,"259":0,"260":0,"262":0,"272":0,"283":0,"292":0,"294":0,"312":0,"314":0,"315":0,"317":0,"318":0,"321":0,"324":0,"349":0,"350":0,"352":0,"354":0,"355":0,"357":0,"365":0,"366":0,"375":0,"377":0,"378":0,"380":0,"381":0,"394":0,"403":0,"404":0,"405":0,"407":0,"411":0,"414":0,"419":0,"431":0,"445":0,"446":0,"452":0,"453":0,"459":0,"460":0,"466":0,"470":0,"475":1,"485":0,"487":0,"492":0,"495":0,"498":0,"500":0,"502":0,"511":0,"513":0,"515":0,"517":0,"522":0,"529":0,"533":0,"536":0,"540":0,"549":0,"552":0,"557":0,"558":0,"560":0,"563":0,"567":0,"584":0,"599":0,"634":0,"636":0,"639":0,"640":0,"643":0,"644":0,"649":0,"651":0,"654":0,"655":0,"657":0,"660":0,"661":0,"663":0,"668":0,"677":0,"680":0,"689":0,"691":0,"692":0,"696":0,"698":0,"703":0,"725":0}},"/home/travis/build/npmtest/node-npmtest-eslint-plugin-babel/node_modules/eslint-plugin-babel/rules/semi.js":{"path":"/home/travis/build/npmtest/node-npmtest-eslint-plugin-babel/node_modules/eslint-plugin-babel/rules/semi.js","s":{"1":1,"2":0,"3":0,"4":0,"5":1,"6":0,"7":0,"8":0,"9":0,"10":0,"11":0,"12":0,"13":0,"14":0,"15":0,"16":0,"17":0,"18":1,"19":0,"20":1,"21":0,"22":0,"23":0,"24":0,"25":0,"26":0,"27":0,"28":0,"29":0,"30":0,"31":1,"32":0,"33":0,"34":0,"35":0,"36":0,"37":1,"38":0,"39":0,"40":0,"41":0,"42":0,"43":0,"44":0,"45":0,"46":0,"47":1,"48":0,"49":0,"50":0,"51":0,"52":0,"53":0,"54":0,"55":0},"b":{"1":[0,0],"2":[0,0],"3":[0,0],"4":[0,0],"5":[0,0],"6":[0,0,0],"7":[0,0],"8":[0,0,0],"9":[0,0],"10":[0,0],"11":[0,0,0],"12":[0,0],"13":[0,0],"14":[0,0],"15":[0,0],"16":[0,0],"17":[0,0],"18":[0,0],"19":[0,0],"20":[0,0,0,0],"21":[0,0],"22":[0,0]},"f":{"1":0,"2":0,"3":0,"4":0,"5":0,"6":0,"7":0,"8":0,"9":0,"10":0,"11":0},"fnMap":{"1":{"name":"(anonymous_1)","line":54,"loc":{"start":{"line":54,"column":10},"end":{"line":54,"column":20}}},"2":{"name":"report","line":72,"loc":{"start":{"line":72,"column":8},"end":{"line":72,"column":39}}},"3":{"name":"(anonymous_3)","line":81,"loc":{"start":{"line":81,"column":22},"end":{"line":81,"column":38}}},"4":{"name":"(anonymous_4)","line":87,"loc":{"start":{"line":87,"column":22},"end":{"line":87,"column":38}}},"5":{"name":"isSemicolon","line":106,"loc":{"start":{"line":106,"column":8},"end":{"line":106,"column":36}}},"6":{"name":"isUnnecessarySemicolon","line":117,"loc":{"start":{"line":117,"column":8},"end":{"line":117,"column":51}}},"7":{"name":"isOneLinerBlock","line":141,"loc":{"start":{"line":141,"column":8},"end":{"line":141,"column":39}}},"8":{"name":"checkForSemicolon","line":159,"loc":{"start":{"line":159,"column":8},"end":{"line":159,"column":41}}},"9":{"name":"checkForSemicolonForVariableDeclaration","line":184,"loc":{"start":{"line":184,"column":8},"end":{"line":184,"column":63}}},"10":{"name":"(anonymous_10)","line":212,"loc":{"start":{"line":212,"column":34},"end":{"line":212,"column":41}}},"11":{"name":"(anonymous_11)","line":217,"loc":{"start":{"line":217,"column":36},"end":{"line":217,"column":43}}}},"statementMap":{"1":{"start":{"line":11,"column":0},"end":{"line":225,"column":2}},"2":{"start":{"line":56,"column":8},"end":{"line":56,"column":44}},"3":{"start":{"line":57,"column":8},"end":{"line":57,"column":43}},"4":{"start":{"line":58,"column":8},"end":{"line":60,"column":49}},"5":{"start":{"line":72,"column":8},"end":{"line":99,"column":9}},"6":{"start":{"line":73,"column":12},"end":{"line":73,"column":60}},"7":{"start":{"line":74,"column":12},"end":{"line":76,"column":36}},"8":{"start":{"line":78,"column":12},"end":{"line":90,"column":13}},"9":{"start":{"line":79,"column":16},"end":{"line":79,"column":47}},"10":{"start":{"line":80,"column":16},"end":{"line":80,"column":30}},"11":{"start":{"line":81,"column":16},"end":{"line":83,"column":18}},"12":{"start":{"line":82,"column":20},"end":{"line":82,"column":65}},"13":{"start":{"line":85,"column":16},"end":{"line":85,"column":45}},"14":{"start":{"line":86,"column":16},"end":{"line":86,"column":32}},"15":{"start":{"line":87,"column":16},"end":{"line":89,"column":18}},"16":{"start":{"line":88,"column":20},"end":{"line":88,"column":51}},"17":{"start":{"line":92,"column":12},"end":{"line":97,"column":15}},"18":{"start":{"line":106,"column":8},"end":{"line":108,"column":9}},"19":{"start":{"line":107,"column":12},"end":{"line":107,"column":72}},"20":{"start":{"line":117,"column":8},"end":{"line":134,"column":9}},"21":{"start":{"line":118,"column":12},"end":{"line":120,"column":13}},"22":{"start":{"line":119,"column":16},"end":{"line":119,"column":29}},"23":{"start":{"line":122,"column":12},"end":{"line":122,"column":66}},"24":{"start":{"line":124,"column":12},"end":{"line":126,"column":13}},"25":{"start":{"line":125,"column":16},"end":{"line":125,"column":28}},"26":{"start":{"line":128,"column":12},"end":{"line":128,"column":57}},"27":{"start":{"line":129,"column":12},"end":{"line":129,"column":59}},"28":{"start":{"line":130,"column":12},"end":{"line":130,"column":128}},"29":{"start":{"line":131,"column":12},"end":{"line":131,"column":83}},"30":{"start":{"line":133,"column":12},"end":{"line":133,"column":84}},"31":{"start":{"line":141,"column":8},"end":{"line":152,"column":9}},"32":{"start":{"line":142,"column":12},"end":{"line":142,"column":61}},"33":{"start":{"line":144,"column":12},"end":{"line":146,"column":13}},"34":{"start":{"line":145,"column":16},"end":{"line":145,"column":29}},"35":{"start":{"line":148,"column":12},"end":{"line":148,"column":39}},"36":{"start":{"line":150,"column":12},"end":{"line":151,"column":60}},"37":{"start":{"line":159,"column":8},"end":{"line":177,"column":9}},"38":{"start":{"line":160,"column":12},"end":{"line":160,"column":60}},"39":{"start":{"line":162,"column":12},"end":{"line":176,"column":13}},"40":{"start":{"line":163,"column":16},"end":{"line":165,"column":17}},"41":{"start":{"line":164,"column":20},"end":{"line":164,"column":39}},"42":{"start":{"line":167,"column":16},"end":{"line":175,"column":17}},"43":{"start":{"line":168,"column":20},"end":{"line":170,"column":21}},"44":{"start":{"line":169,"column":24},"end":{"line":169,"column":37}},"45":{"start":{"line":172,"column":20},"end":{"line":174,"column":21}},"46":{"start":{"line":173,"column":24},"end":{"line":173,"column":43}},"47":{"start":{"line":184,"column":8},"end":{"line":194,"column":9}},"48":{"start":{"line":185,"column":12},"end":{"line":187,"column":48}},"49":{"start":{"line":189,"column":12},"end":{"line":193,"column":13}},"50":{"start":{"line":192,"column":16},"end":{"line":192,"column":40}},"51":{"start":{"line":200,"column":8},"end":{"line":222,"column":10}},"52":{"start":{"line":213,"column":16},"end":{"line":215,"column":17}},"53":{"start":{"line":214,"column":20},"end":{"line":214,"column":44}},"54":{"start":{"line":218,"column":16},"end":{"line":220,"column":17}},"55":{"start":{"line":219,"column":20},"end":{"line":219,"column":44}}},"branchMap":{"1":{"line":59,"type":"binary-expr","locations":[{"start":{"line":59,"column":28},"end":{"line":59,"column":35}},{"start":{"line":59,"column":39},"end":{"line":59,"column":78}}]},"2":{"line":78,"type":"if","locations":[{"start":{"line":78,"column":12},"end":{"line":78,"column":12}},{"start":{"line":78,"column":12},"end":{"line":78,"column":12}}]},"3":{"line":107,"type":"binary-expr","locations":[{"start":{"line":107,"column":20},"end":{"line":107,"column":47}},{"start":{"line":107,"column":51},"end":{"line":107,"column":70}}]},"4":{"line":118,"type":"if","locations":[{"start":{"line":118,"column":12},"end":{"line":118,"column":12}},{"start":{"line":118,"column":12},"end":{"line":118,"column":12}}]},"5":{"line":124,"type":"if","locations":[{"start":{"line":124,"column":12},"end":{"line":124,"column":12}},{"start":{"line":124,"column":12},"end":{"line":124,"column":12}}]},"6":{"line":130,"type":"binary-expr","locations":[{"start":{"line":130,"column":34},"end":{"line":130,"column":71}},{"start":{"line":130,"column":75},"end":{"line":130,"column":99}},{"start":{"line":130,"column":103},"end":{"line":130,"column":127}}]},"7":{"line":131,"type":"binary-expr","locations":[{"start":{"line":131,"column":31},"end":{"line":131,"column":54}},{"start":{"line":131,"column":58},"end":{"line":131,"column":81}}]},"8":{"line":133,"type":"binary-expr","locations":[{"start":{"line":133,"column":20},"end":{"line":133,"column":51}},{"start":{"line":133,"column":55},"end":{"line":133,"column":69}},{"start":{"line":133,"column":74},"end":{"line":133,"column":83}}]},"9":{"line":144,"type":"if","locations":[{"start":{"line":144,"column":12},"end":{"line":144,"column":12}},{"start":{"line":144,"column":12},"end":{"line":144,"column":12}}]},"10":{"line":144,"type":"binary-expr","locations":[{"start":{"line":144,"column":16},"end":{"line":144,"column":26}},{"start":{"line":144,"column":30},"end":{"line":144,"column":53}}]},"11":{"line":150,"type":"binary-expr","locations":[{"start":{"line":150,"column":19},"end":{"line":150,"column":25}},{"start":{"line":150,"column":29},"end":{"line":150,"column":61}},{"start":{"line":151,"column":14},"end":{"line":151,"column":59}}]},"12":{"line":162,"type":"if","locations":[{"start":{"line":162,"column":12},"end":{"line":162,"column":12}},{"start":{"line":162,"column":12},"end":{"line":162,"column":12}}]},"13":{"line":163,"type":"if","locations":[{"start":{"line":163,"column":16},"end":{"line":163,"column":16}},{"start":{"line":163,"column":16},"end":{"line":163,"column":16}}]},"14":{"line":167,"type":"if","locations":[{"start":{"line":167,"column":16},"end":{"line":167,"column":16}},{"start":{"line":167,"column":16},"end":{"line":167,"column":16}}]},"15":{"line":168,"type":"if","locations":[{"start":{"line":168,"column":20},"end":{"line":168,"column":20}},{"start":{"line":168,"column":20},"end":{"line":168,"column":20}}]},"16":{"line":168,"type":"binary-expr","locations":[{"start":{"line":168,"column":24},"end":{"line":168,"column":38}},{"start":{"line":168,"column":42},"end":{"line":168,"column":64}}]},"17":{"line":172,"type":"if","locations":[{"start":{"line":172,"column":20},"end":{"line":172,"column":20}},{"start":{"line":172,"column":20},"end":{"line":172,"column":20}}]},"18":{"line":172,"type":"binary-expr","locations":[{"start":{"line":172,"column":24},"end":{"line":172,"column":37}},{"start":{"line":172,"column":41},"end":{"line":172,"column":62}}]},"19":{"line":189,"type":"if","locations":[{"start":{"line":189,"column":12},"end":{"line":189,"column":12}},{"start":{"line":189,"column":12},"end":{"line":189,"column":12}}]},"20":{"line":189,"type":"binary-expr","locations":[{"start":{"line":189,"column":17},"end":{"line":189,"column":47}},{"start":{"line":189,"column":51},"end":{"line":189,"column":71}},{"start":{"line":190,"column":17},"end":{"line":190,"column":60}},{"start":{"line":190,"column":64},"end":{"line":190,"column":84}}]},"21":{"line":213,"type":"if","locations":[{"start":{"line":213,"column":16},"end":{"line":213,"column":16}},{"start":{"line":213,"column":16},"end":{"line":213,"column":16}}]},"22":{"line":218,"type":"if","locations":[{"start":{"line":218,"column":16},"end":{"line":218,"column":16}},{"start":{"line":218,"column":16},"end":{"line":218,"column":16}}]}},"code":["/**"," * @fileoverview Rule to flag missing semicolons."," * @author Nicholas C. Zakas"," */","\"use strict\";","","//------------------------------------------------------------------------------","// Rule Definition","//------------------------------------------------------------------------------","","module.exports = {","    meta: {","        docs: {","            description: \"require or disallow semicolons instead of ASI\",","            category: \"Stylistic Issues\",","            recommended: false","        },","","        fixable: \"code\",","","        schema: {","            anyOf: [","                {","                    type: \"array\",","                    items: [","                        {","                            enum: [\"never\"]","                        }","                    ],","                    minItems: 0,","                    maxItems: 1","                },","                {","                    type: \"array\",","                    items: [","                        {","                            enum: [\"always\"]","                        },","                        {","                            type: \"object\",","                            properties: {","                                omitLastInOneLineBlock: { type: \"boolean\" }","                            },","                            additionalProperties: false","                        }","                    ],","                    minItems: 0,","                    maxItems: 2","                }","            ]","        }","    },","","    create(context) {","","        const OPT_OUT_PATTERN = /^[-[(/+`]/; // One of [(/+-`","        const options = context.options[1];","        const never = context.options[0] === \"never\",","            exceptOneLine = options && options.omitLastInOneLineBlock === true,","            sourceCode = context.getSourceCode();","","        //--------------------------------------------------------------------------","        // Helpers","        //--------------------------------------------------------------------------","","        /**","         * Reports a semicolon error with appropriate location and message.","         * @param {ASTNode} node The node with an extra or missing semicolon.","         * @param {boolean} missing True if the semicolon is missing.","         * @returns {void}","         */","        function report(node, missing) {","            const lastToken = sourceCode.getLastToken(node);","            let message,","                fix,","                loc = lastToken.loc;","","            if (!missing) {","                message = \"Missing semicolon.\";","                loc = loc.end;","                fix = function(fixer) {","                    return fixer.insertTextAfter(lastToken, \";\");","                };","            } else {","                message = \"Extra semicolon.\";","                loc = loc.start;","                fix = function(fixer) {","                    return fixer.remove(lastToken);","                };","            }","","            context.report({","                node,","                loc,","                message,","                fix","            });","","        }","","        /**","         * Checks whether a token is a semicolon punctuator.","         * @param {Token} token The token.","         * @returns {boolean} True if token is a semicolon punctuator.","         */","        function isSemicolon(token) {","            return (token.type === \"Punctuator\" && token.value === \";\");","        }","","        /**","         * Check if a semicolon is unnecessary, only true if:","         *   - next token is on a new line and is not one of the opt-out tokens","         *   - next token is a valid statement divider","         * @param {Token} lastToken last token of current node.","         * @returns {boolean} whether the semicolon is unnecessary.","         */","        function isUnnecessarySemicolon(lastToken) {","            if (!isSemicolon(lastToken)) {","                return false;","            }","","            const nextToken = sourceCode.getTokenAfter(lastToken);","","            if (!nextToken) {","                return true;","            }","","            const lastTokenLine = lastToken.loc.end.line;","            const nextTokenLine = nextToken.loc.start.line;","            const isOptOutToken = OPT_OUT_PATTERN.test(nextToken.value) && nextToken.value !== \"++\" && nextToken.value !== \"--\";","            const isDivider = (nextToken.value === \"}\" || nextToken.value === \";\");","","            return (lastTokenLine !== nextTokenLine && !isOptOutToken) || isDivider;","        }","","        /**","         * Checks a node to see if it's in a one-liner block statement.","         * @param {ASTNode} node The node to check.","         * @returns {boolean} whether the node is in a one-liner block statement.","         */","        function isOneLinerBlock(node) {","            const nextToken = sourceCode.getTokenAfter(node);","","            if (!nextToken || nextToken.value !== \"}\") {","                return false;","            }","","            const parent = node.parent;","","            return parent && parent.type === \"BlockStatement\" &&","              parent.loc.start.line === parent.loc.end.line;","        }","","        /**","         * Checks a node to see if it's followed by a semicolon.","         * @param {ASTNode} node The node to check.","         * @returns {void}","         */","        function checkForSemicolon(node) {","            const lastToken = sourceCode.getLastToken(node);","","            if (never) {","                if (isUnnecessarySemicolon(lastToken)) {","                    report(node, true);","                }","            } else {","                if (!isSemicolon(lastToken)) {","                    if (!exceptOneLine || !isOneLinerBlock(node)) {","                        report(node);","                    }","                } else {","                    if (exceptOneLine && isOneLinerBlock(node)) {","                        report(node, true);","                    }","                }","            }","        }","","        /**","         * Checks to see if there's a semicolon after a variable declaration.","         * @param {ASTNode} node The node to check.","         * @returns {void}","         */","        function checkForSemicolonForVariableDeclaration(node) {","            const ancestors = context.getAncestors(),","                parentIndex = ancestors.length - 1,","                parent = ancestors[parentIndex];","","            if ((parent.type !== \"ForStatement\" || parent.init !== node) &&","                (!/^For(?:In|Of)Statement/.test(parent.type) || parent.left !== node)","            ) {","                checkForSemicolon(node);","            }","        }","","        //--------------------------------------------------------------------------","        // Public API","        //--------------------------------------------------------------------------","","        return {","            VariableDeclaration: checkForSemicolonForVariableDeclaration,","            ExpressionStatement: checkForSemicolon,","            ReturnStatement: checkForSemicolon,","            ThrowStatement: checkForSemicolon,","            DoWhileStatement: checkForSemicolon,","            DebuggerStatement: checkForSemicolon,","            BreakStatement: checkForSemicolon,","            ContinueStatement: checkForSemicolon,","            ImportDeclaration: checkForSemicolon,","            ExportAllDeclaration: checkForSemicolon,","            ClassProperty: checkForSemicolon,","            ExportNamedDeclaration(node) {","                if (!node.declaration) {","                    checkForSemicolon(node);","                }","            },","            ExportDefaultDeclaration(node) {","                if (!/(?:Class|Function)Declaration/.test(node.declaration.type)) {","                    checkForSemicolon(node);","                }","            }","        };","","    }","};",""],"l":{"11":1,"56":0,"57":0,"58":0,"72":1,"73":0,"74":0,"78":0,"79":0,"80":0,"81":0,"82":0,"85":0,"86":0,"87":0,"88":0,"92":0,"106":1,"107":0,"117":1,"118":0,"119":0,"122":0,"124":0,"125":0,"128":0,"129":0,"130":0,"131":0,"133":0,"141":1,"142":0,"144":0,"145":0,"148":0,"150":0,"159":1,"160":0,"162":0,"163":0,"164":0,"167":0,"168":0,"169":0,"172":0,"173":0,"184":1,"185":0,"189":0,"192":0,"200":0,"213":0,"214":0,"218":0,"219":0}}}